@2020-Feb-23 07:16:56.370 INFO  [restartedMain] c.r.j.JasperApplication - No active profile set, falling back to default profiles: default
@2020-Feb-23 07:16:57.146 INFO  [restartedMain] o.s.d.r.c.RepositoryConfigurationDelegate - Bootstrapping Spring Data JPA repositories in DEFAULT mode.
@2020-Feb-23 07:16:57.225 INFO  [restartedMain] o.s.d.r.c.RepositoryConfigurationDelegate - Finished Spring Data repository scanning in 71ms. Found 4 JPA repository interfaces.
@2020-Feb-23 07:16:57.491 INFO  [restartedMain] o.s.c.c.s.GenericScope - BeanFactory id=7f1e4180-3561-33ef-8301-cd8cdb2d8157
@2020-Feb-23 07:16:57.601 INFO  [restartedMain] o.s.c.s.PostProcessorRegistrationDelegate$BeanPostProcessorChecker - Bean 'org.springframework.transaction.annotation.ProxyTransactionManagementConfiguration' of type [org.springframework.transaction.annotation.ProxyTransactionManagementConfiguration] is not eligible for getting processed by all BeanPostProcessors (for example: not eligible for auto-proxying)
@2020-Feb-23 07:16:57.623 INFO  [restartedMain] o.s.c.s.PostProcessorRegistrationDelegate$BeanPostProcessorChecker - Bean 'org.springframework.security.config.annotation.configuration.ObjectPostProcessorConfiguration' of type [org.springframework.security.config.annotation.configuration.ObjectPostProcessorConfiguration] is not eligible for getting processed by all BeanPostProcessors (for example: not eligible for auto-proxying)
@2020-Feb-23 07:16:57.626 INFO  [restartedMain] o.s.c.s.PostProcessorRegistrationDelegate$BeanPostProcessorChecker - Bean 'objectPostProcessor' of type [org.springframework.security.config.annotation.configuration.AutowireBeanFactoryObjectPostProcessor] is not eligible for getting processed by all BeanPostProcessors (for example: not eligible for auto-proxying)
@2020-Feb-23 07:16:57.629 INFO  [restartedMain] o.s.c.s.PostProcessorRegistrationDelegate$BeanPostProcessorChecker - Bean 'org.springframework.security.access.expression.method.DefaultMethodSecurityExpressionHandler@2c48c14a' of type [org.springframework.security.oauth2.provider.expression.OAuth2MethodSecurityExpressionHandler] is not eligible for getting processed by all BeanPostProcessors (for example: not eligible for auto-proxying)
@2020-Feb-23 07:16:57.632 INFO  [restartedMain] o.s.c.s.PostProcessorRegistrationDelegate$BeanPostProcessorChecker - Bean 'org.springframework.security.config.annotation.method.configuration.GlobalMethodSecurityConfiguration' of type [org.springframework.security.config.annotation.method.configuration.GlobalMethodSecurityConfiguration] is not eligible for getting processed by all BeanPostProcessors (for example: not eligible for auto-proxying)
@2020-Feb-23 07:16:57.634 INFO  [restartedMain] o.s.c.s.PostProcessorRegistrationDelegate$BeanPostProcessorChecker - Bean 'methodSecurityMetadataSource' of type [org.springframework.security.access.method.DelegatingMethodSecurityMetadataSource] is not eligible for getting processed by all BeanPostProcessors (for example: not eligible for auto-proxying)
@2020-Feb-23 07:16:57.645 INFO  [restartedMain] o.s.c.s.PostProcessorRegistrationDelegate$BeanPostProcessorChecker - Bean 'org.springframework.cloud.autoconfigure.ConfigurationPropertiesRebinderAutoConfiguration' of type [org.springframework.cloud.autoconfigure.ConfigurationPropertiesRebinderAutoConfiguration$$EnhancerBySpringCGLIB$$e08ad5e4] is not eligible for getting processed by all BeanPostProcessors (for example: not eligible for auto-proxying)
@2020-Feb-23 07:16:58.021 INFO  [restartedMain] o.s.b.w.e.t.TomcatWebServer - Tomcat initialized with port(s): 9085 (http)
@2020-Feb-23 07:16:58.027 INFO  [restartedMain] o.a.c.c.StandardService - Starting service [Tomcat]
@2020-Feb-23 07:16:58.028 INFO  [restartedMain] o.a.c.c.StandardEngine - Starting Servlet engine: [Apache Tomcat/9.0.30]
@2020-Feb-23 07:16:58.181 INFO  [restartedMain] o.a.c.c.C.[.[.[/] - Initializing Spring embedded WebApplicationContext
@2020-Feb-23 07:16:58.815 INFO  [restartedMain] c.z.h.HikariDataSource - HikariPool-1 - Starting...
@2020-Feb-23 07:17:01.206 INFO  [restartedMain] c.z.h.HikariDataSource - HikariPool-1 - Start completed.
@2020-Feb-23 07:17:14.201 INFO  [restartedMain] o.s.o.j.LocalContainerEntityManagerFactoryBean - Initialized JPA EntityManagerFactory for persistence unit 'default'
@2020-Feb-23 07:17:17.671 WARN  [restartedMain] o.s.b.a.o.j.JpaBaseConfiguration$JpaWebConfiguration - spring.jpa.open-in-view is enabled by default. Therefore, database queries may be performed during view rendering. Explicitly configure spring.jpa.open-in-view to disable this warning
@2020-Feb-23 07:17:18.651 INFO  [restartedMain] o.s.b.a.s.s.UserDetailsServiceAutoConfiguration - 

Using generated security password: 8e119cb9-39f3-49d5-9dc4-616c24171ddd

@2020-Feb-23 07:17:24.836 INFO  [restartedMain] o.s.s.w.DefaultSecurityFilterChain - Creating filter chain: any request, [org.springframework.security.web.context.request.async.WebAsyncManagerIntegrationFilter@52f52a4b, org.springframework.security.web.context.SecurityContextPersistenceFilter@30951fa8, org.springframework.security.web.header.HeaderWriterFilter@26bdb6c7, org.springframework.security.web.authentication.logout.LogoutFilter@11f52f22, org.springframework.security.oauth2.provider.authentication.OAuth2AuthenticationProcessingFilter@37267127, org.springframework.security.web.savedrequest.RequestCacheAwareFilter@7dc8c1be, org.springframework.security.web.servletapi.SecurityContextHolderAwareRequestFilter@6f613944, org.springframework.security.web.authentication.AnonymousAuthenticationFilter@6401f9aa, org.springframework.security.web.session.SessionManagementFilter@3824462c, org.springframework.security.web.access.ExceptionTranslationFilter@2bce70ee, org.springframework.security.web.access.intercept.FilterSecurityInterceptor@42ad36e9]
@2020-Feb-23 07:17:24.945 WARN  [restartedMain] c.n.c.s.URLConfigurationSource - No URLs will be polled as dynamic configuration sources.
@2020-Feb-23 07:17:24.945 INFO  [restartedMain] c.n.c.s.URLConfigurationSource - To enable URLs as dynamic configuration sources, define System property archaius.configurationSource.additionalUrls or make config.properties available on classpath.
@2020-Feb-23 07:17:25.007 WARN  [restartedMain] c.n.c.s.URLConfigurationSource - No URLs will be polled as dynamic configuration sources.
@2020-Feb-23 07:17:25.007 INFO  [restartedMain] c.n.c.s.URLConfigurationSource - To enable URLs as dynamic configuration sources, define System property archaius.configurationSource.additionalUrls or make config.properties available on classpath.
@2020-Feb-23 07:17:26.195 INFO  [restartedMain] o.s.s.c.ThreadPoolTaskExecutor - Initializing ExecutorService 'applicationTaskExecutor'
@2020-Feb-23 07:17:28.337 INFO  [restartedMain] o.s.b.d.a.OptionalLiveReloadServer - LiveReload server is running on port 35729
@2020-Feb-23 07:17:29.837 INFO  [restartedMain] o.s.c.n.e.InstanceInfoFactory - Setting initial instance status as: STARTING
@2020-Feb-23 07:17:30.687 INFO  [restartedMain] c.n.d.DiscoveryClient - Initializing Eureka in region us-east-1
@2020-Feb-23 07:17:33.115 INFO  [restartedMain] c.n.d.p.DiscoveryJerseyProvider - Using JSON encoding codec LegacyJacksonJson
@2020-Feb-23 07:17:33.115 INFO  [restartedMain] c.n.d.p.DiscoveryJerseyProvider - Using JSON decoding codec LegacyJacksonJson
@2020-Feb-23 07:17:36.579 INFO  [restartedMain] c.n.d.p.DiscoveryJerseyProvider - Using XML encoding codec XStreamXml
@2020-Feb-23 07:17:36.579 INFO  [restartedMain] c.n.d.p.DiscoveryJerseyProvider - Using XML decoding codec XStreamXml
@2020-Feb-23 07:17:38.212 INFO  [restartedMain] c.n.d.s.r.a.ConfigClusterResolver - Resolving eureka endpoints via configuration
@2020-Feb-23 07:17:38.774 INFO  [restartedMain] c.n.d.DiscoveryClient - Disable delta property : false
@2020-Feb-23 07:17:38.775 INFO  [restartedMain] c.n.d.DiscoveryClient - Single vip registry refresh property : null
@2020-Feb-23 07:17:38.775 INFO  [restartedMain] c.n.d.DiscoveryClient - Force full registry fetch : false
@2020-Feb-23 07:17:38.775 INFO  [restartedMain] c.n.d.DiscoveryClient - Application is null : false
@2020-Feb-23 07:17:38.776 INFO  [restartedMain] c.n.d.DiscoveryClient - Registered Applications size is zero : true
@2020-Feb-23 07:17:38.776 INFO  [restartedMain] c.n.d.DiscoveryClient - Application version is -1: true
@2020-Feb-23 07:17:38.776 INFO  [restartedMain] c.n.d.DiscoveryClient - Getting all instance registry info from the eureka server
@2020-Feb-23 07:17:40.311 INFO  [restartedMain] c.n.d.DiscoveryClient - The response status is 200
@2020-Feb-23 07:17:40.324 INFO  [restartedMain] c.n.d.DiscoveryClient - Starting heartbeat executor: renew interval is: 30
@2020-Feb-23 07:17:40.327 INFO  [restartedMain] c.n.d.InstanceInfoReplicator - InstanceInfoReplicator onDemand update allowed rate per min is 4
@2020-Feb-23 07:17:40.367 INFO  [restartedMain] c.n.d.DiscoveryClient - Discovery Client initialized at timestamp 1582431460330 with initial instances count: 11
@2020-Feb-23 07:17:40.374 INFO  [restartedMain] o.s.c.n.e.s.EurekaServiceRegistry - Registering application TREPORT with eureka with status UP
@2020-Feb-23 07:17:40.375 INFO  [restartedMain] c.n.d.DiscoveryClient - Saw local status change event StatusChangeEvent [timestamp=1582431460375, current=UP, previous=STARTING]
@2020-Feb-23 07:17:40.377 INFO  [DiscoveryClient-InstanceInfoReplicator-0] c.n.d.DiscoveryClient - DiscoveryClient_TREPORT/treport:aa67751f1186abceea7e36667b814019: registering service...
@2020-Feb-23 07:17:40.643 INFO  [DiscoveryClient-InstanceInfoReplicator-0] c.n.d.DiscoveryClient - DiscoveryClient_TREPORT/treport:aa67751f1186abceea7e36667b814019 - registration status: 204
@2020-Feb-23 07:17:40.807 INFO  [restartedMain] o.s.b.w.e.t.TomcatWebServer - Tomcat started on port(s): 9085 (http) with context path ''
@2020-Feb-23 07:17:40.808 INFO  [restartedMain] o.s.c.n.e.s.EurekaAutoServiceRegistration - Updating port to 9085
@2020-Feb-23 07:17:40.932 INFO  [restartedMain] c.r.j.JasperApplication - Started JasperApplication in 45.566 seconds (JVM running for 46.463)
@2020-Feb-23 07:22:16.861 INFO  [http-nio-9085-exec-1] o.a.c.c.C.[.[.[/] - Initializing Spring DispatcherServlet 'dispatcherServlet'
@2020-Feb-23 07:22:18.004 INFO  [http-nio-9085-exec-2] c.r.j.c.ReportController - from datenull
@2020-Feb-23 07:22:18.004 INFO  [http-nio-9085-exec-2] c.r.j.c.ReportController - to datenull
@2020-Feb-23 07:22:18.004 INFO  [http-nio-9085-exec-2] c.r.j.c.ReportController - to datenull
@2020-Feb-23 07:22:18.874 INFO  [http-nio-9085-exec-2] c.r.j.c.ReportController - report Formatpdf
@2020-Feb-23 07:22:18.874 INFO  [http-nio-9085-exec-2] c.r.j.c.ReportController - report size[com.report.jasper.entities.CourseReport@e04fd9c, com.report.jasper.entities.CourseReport@a708297, com.report.jasper.entities.CourseReport@601d58c, com.report.jasper.entities.CourseReport@10c5f3a8, com.report.jasper.entities.CourseReport@5d78fcf6, com.report.jasper.entities.CourseReport@5312b9f4, com.report.jasper.entities.CourseReport@5b37bbaf, com.report.jasper.entities.CourseReport@64d05bd2, com.report.jasper.entities.CourseReport@7e5594f2, com.report.jasper.entities.CourseReport@38ce4fd5]
@2020-Feb-23 07:22:38.782 INFO  [AsyncResolver-bootstrap-executor-0] c.n.d.s.r.a.ConfigClusterResolver - Resolving eureka endpoints via configuration
@2020-Feb-23 07:23:33.292 INFO  [http-nio-9085-exec-4] c.r.j.c.ReportController - 01-Jan-20
@2020-Feb-23 07:23:33.623 INFO  [http-nio-9085-exec-4] c.r.j.c.ReportController - report Formatpdf
@2020-Feb-23 07:23:33.623 INFO  [http-nio-9085-exec-4] c.r.j.c.ReportController - report size[]
@2020-Feb-23 07:23:36.338 INFO  [http-nio-9085-exec-5] c.r.j.c.ReportController - 01-Jan-20
@2020-Feb-23 07:23:36.394 INFO  [http-nio-9085-exec-5] c.r.j.c.ReportController - report Formatpdf
@2020-Feb-23 07:23:36.395 INFO  [http-nio-9085-exec-5] c.r.j.c.ReportController - report size[]
@2020-Feb-23 07:23:38.711 INFO  [http-nio-9085-exec-6] c.r.j.c.ReportController - 01-Jan-20
@2020-Feb-23 07:23:38.768 INFO  [http-nio-9085-exec-6] c.r.j.c.ReportController - report Formatpdf
@2020-Feb-23 07:23:38.768 INFO  [http-nio-9085-exec-6] c.r.j.c.ReportController - report size[]
@2020-Feb-23 07:23:45.190 INFO  [http-nio-9085-exec-7] c.r.j.c.ReportController - 01-Jan-20
@2020-Feb-23 07:23:45.190 INFO  [http-nio-9085-exec-7] c.r.j.c.ReportController - 24-Feb-20
@2020-Feb-23 07:23:45.336 INFO  [http-nio-9085-exec-7] c.r.j.c.ReportController - request status list :** 138'null
@2020-Feb-23 07:23:45.336 INFO  [http-nio-9085-exec-7] c.r.j.c.ReportController - request status list :** 138'APPROVED
@2020-Feb-23 07:23:45.336 INFO  [http-nio-9085-exec-7] c.r.j.c.ReportController - report Formatpdf
@2020-Feb-23 07:23:45.336 INFO  [http-nio-9085-exec-7] c.r.j.c.ReportController - report size[com.report.jasper.entities.CourseStatusReport@44618bb5, com.report.jasper.entities.CourseStatusReport@1630d5d]
@2020-Feb-23 07:24:03.473 INFO  [http-nio-9085-exec-8] c.r.j.c.ReportController - 01-Jan-20
@2020-Feb-23 07:24:03.530 INFO  [http-nio-9085-exec-8] c.r.j.c.ReportController - report Formatpdf
@2020-Feb-23 07:24:03.530 INFO  [http-nio-9085-exec-8] c.r.j.c.ReportController - report size[]
@2020-Feb-23 07:24:06.032 INFO  [http-nio-9085-exec-9] c.r.j.c.ReportController - 01-Jan-20
@2020-Feb-23 07:24:06.087 INFO  [http-nio-9085-exec-9] c.r.j.c.ReportController - report Formatpdf
@2020-Feb-23 07:24:06.088 INFO  [http-nio-9085-exec-9] c.r.j.c.ReportController - report size[]
@2020-Feb-23 07:27:38.729 INFO  [AsyncResolver-bootstrap-executor-0] c.n.d.s.r.a.ConfigClusterResolver - Resolving eureka endpoints via configuration
@2020-Feb-23 07:32:38.732 INFO  [AsyncResolver-bootstrap-executor-0] c.n.d.s.r.a.ConfigClusterResolver - Resolving eureka endpoints via configuration
@2020-Feb-23 07:36:27.579 INFO  [http-nio-9085-exec-2] c.r.j.c.ReportController - Request for multiCoursesReport PDF generation
@2020-Feb-23 07:36:27.891 INFO  [http-nio-9085-exec-2] c.r.j.c.ReportController - report Formatpdf
@2020-Feb-23 07:36:27.892 INFO  [http-nio-9085-exec-2] c.r.j.c.ReportController - report size[com.report.jasper.entities.MultiCoursesReport@43d8e2e7, com.report.jasper.entities.MultiCoursesReport@4db60271, com.report.jasper.entities.MultiCoursesReport@3ed1166f, com.report.jasper.entities.MultiCoursesReport@b1a619b, com.report.jasper.entities.MultiCoursesReport@f5165c5, com.report.jasper.entities.MultiCoursesReport@72094bd4, com.report.jasper.entities.MultiCoursesReport@44dd5994, com.report.jasper.entities.MultiCoursesReport@1c93fe2d, com.report.jasper.entities.MultiCoursesReport@1868cf37, com.report.jasper.entities.MultiCoursesReport@20876005, com.report.jasper.entities.MultiCoursesReport@e388c78]
@2020-Feb-23 07:36:29.647 INFO  [http-nio-9085-exec-5] c.r.j.c.ReportController - filename*********MultiCoursesReport.pdf
@2020-Feb-23 07:36:29.647 INFO  [http-nio-9085-exec-5] c.r.j.s.FileService - resource is MultiCoursesReport.pdf
@2020-Feb-23 07:37:38.734 INFO  [AsyncResolver-bootstrap-executor-0] c.n.d.s.r.a.ConfigClusterResolver - Resolving eureka endpoints via configuration
@2020-Feb-23 07:37:57.068 INFO  [http-nio-9085-exec-10] c.r.j.c.ReportController - Request for PDF generationnull
@2020-Feb-23 07:37:57.122 INFO  [http-nio-9085-exec-10] c.r.j.c.ReportController - report Formatpdf
@2020-Feb-23 07:37:57.122 INFO  [http-nio-9085-exec-10] c.r.j.c.ReportController - report size[com.report.jasper.entities.InstructorSubjectReport@6139f439, com.report.jasper.entities.InstructorSubjectReport@2b1a30b, com.report.jasper.entities.InstructorSubjectReport@5761604c, com.report.jasper.entities.InstructorSubjectReport@bf92c3d, com.report.jasper.entities.InstructorSubjectReport@25cf9947, com.report.jasper.entities.InstructorSubjectReport@2a69cf0e, com.report.jasper.entities.InstructorSubjectReport@76d6a90f, com.report.jasper.entities.InstructorSubjectReport@340ceb2c, com.report.jasper.entities.InstructorSubjectReport@6d50594b, com.report.jasper.entities.InstructorSubjectReport@925ea50, com.report.jasper.entities.InstructorSubjectReport@4af8b4aa, com.report.jasper.entities.InstructorSubjectReport@197e7352, com.report.jasper.entities.InstructorSubjectReport@768beb37, com.report.jasper.entities.InstructorSubjectReport@505af8dc, com.report.jasper.entities.InstructorSubjectReport@350647c9, com.report.jasper.entities.InstructorSubjectReport@1b664756, com.report.jasper.entities.InstructorSubjectReport@62f0330, com.report.jasper.entities.InstructorSubjectReport@1102433]
@2020-Feb-23 07:37:58.203 INFO  [http-nio-9085-exec-3] c.r.j.c.ReportController - filename*********InstructorSubjectReport.pdf
@2020-Feb-23 07:37:58.203 INFO  [http-nio-9085-exec-3] c.r.j.s.FileService - resource is InstructorSubjectReport.pdf
@2020-Feb-23 07:38:10.095 INFO  [http-nio-9085-exec-5] c.r.j.c.ReportController - request status list :** 138'APPROVED
@2020-Feb-23 07:38:10.095 INFO  [http-nio-9085-exec-5] c.r.j.c.ReportController - request status list :** 138'null
@2020-Feb-23 07:38:10.095 INFO  [http-nio-9085-exec-5] c.r.j.c.ReportController - request status list :** 107'APPROVED
@2020-Feb-23 07:38:10.095 INFO  [http-nio-9085-exec-5] c.r.j.c.ReportController - request status list :** 101'APPROVED
@2020-Feb-23 07:38:10.095 INFO  [http-nio-9085-exec-5] c.r.j.c.ReportController - request status list :** 133'APPROVED
@2020-Feb-23 07:38:10.095 INFO  [http-nio-9085-exec-5] c.r.j.c.ReportController - request status list :** 133'APPROVED
@2020-Feb-23 07:38:10.095 INFO  [http-nio-9085-exec-5] c.r.j.c.ReportController - report Formatpdf
@2020-Feb-23 07:38:10.095 INFO  [http-nio-9085-exec-5] c.r.j.c.ReportController - report size[com.report.jasper.entities.CourseStatusReport@3ce0acf8, com.report.jasper.entities.CourseStatusReport@4bcc443, com.report.jasper.entities.CourseStatusReport@1d0eadf3, com.report.jasper.entities.CourseStatusReport@25af51f7, com.report.jasper.entities.CourseStatusReport@1c11bed6, com.report.jasper.entities.CourseStatusReport@7eedffcb]
@2020-Feb-23 07:38:12.248 INFO  [http-nio-9085-exec-8] c.r.j.c.ReportController - filename*********CourseStatusReport.pdf
@2020-Feb-23 07:38:12.248 INFO  [http-nio-9085-exec-8] c.r.j.s.FileService - resource is CourseStatusReport.pdf
@2020-Feb-23 07:42:38.737 INFO  [AsyncResolver-bootstrap-executor-0] c.n.d.s.r.a.ConfigClusterResolver - Resolving eureka endpoints via configuration
@2020-Feb-23 07:44:38.289 INFO  [http-nio-9085-exec-2] c.r.j.c.ReportController - request status list :** 138'APPROVED
@2020-Feb-23 07:44:38.289 INFO  [http-nio-9085-exec-2] c.r.j.c.ReportController - request status list :** 138'null
@2020-Feb-23 07:44:38.289 INFO  [http-nio-9085-exec-2] c.r.j.c.ReportController - request status list :** 107'APPROVED
@2020-Feb-23 07:44:38.289 INFO  [http-nio-9085-exec-2] c.r.j.c.ReportController - request status list :** 101'APPROVED
@2020-Feb-23 07:44:38.289 INFO  [http-nio-9085-exec-2] c.r.j.c.ReportController - request status list :** 133'APPROVED
@2020-Feb-23 07:44:38.289 INFO  [http-nio-9085-exec-2] c.r.j.c.ReportController - request status list :** 133'APPROVED
@2020-Feb-23 07:44:38.289 INFO  [http-nio-9085-exec-2] c.r.j.c.ReportController - report Formatpdf
@2020-Feb-23 07:44:38.289 INFO  [http-nio-9085-exec-2] c.r.j.c.ReportController - report size[com.report.jasper.entities.CourseStatusReport@54eeb0f0, com.report.jasper.entities.CourseStatusReport@4cee7ca4, com.report.jasper.entities.CourseStatusReport@135a4bb8, com.report.jasper.entities.CourseStatusReport@1083b5f3, com.report.jasper.entities.CourseStatusReport@314bee23, com.report.jasper.entities.CourseStatusReport@effaff2]
@2020-Feb-23 07:44:40.119 INFO  [http-nio-9085-exec-4] c.r.j.c.ReportController - filename*********CourseStatusReport.pdf
@2020-Feb-23 07:44:40.119 INFO  [http-nio-9085-exec-4] c.r.j.s.FileService - resource is CourseStatusReport.pdf
@2020-Feb-23 07:47:38.738 INFO  [AsyncResolver-bootstrap-executor-0] c.n.d.s.r.a.ConfigClusterResolver - Resolving eureka endpoints via configuration
@2020-Feb-23 07:52:38.721 INFO  [AsyncResolver-bootstrap-executor-0] c.n.d.s.r.a.ConfigClusterResolver - Resolving eureka endpoints via configuration
@2020-Feb-23 07:53:49.694 INFO  [http-nio-9085-exec-8] c.r.j.c.ReportController - request status list :** 138'APPROVED
@2020-Feb-23 07:53:49.694 INFO  [http-nio-9085-exec-8] c.r.j.c.ReportController - request status list :** 138'null
@2020-Feb-23 07:53:49.694 INFO  [http-nio-9085-exec-8] c.r.j.c.ReportController - request status list :** 107'APPROVED
@2020-Feb-23 07:53:49.694 INFO  [http-nio-9085-exec-8] c.r.j.c.ReportController - request status list :** 101'APPROVED
@2020-Feb-23 07:53:49.694 INFO  [http-nio-9085-exec-8] c.r.j.c.ReportController - request status list :** 133'APPROVED
@2020-Feb-23 07:53:49.695 INFO  [http-nio-9085-exec-8] c.r.j.c.ReportController - request status list :** 133'APPROVED
@2020-Feb-23 07:53:49.695 INFO  [http-nio-9085-exec-8] c.r.j.c.ReportController - report Formatpdf
@2020-Feb-23 07:53:49.695 INFO  [http-nio-9085-exec-8] c.r.j.c.ReportController - report size[com.report.jasper.entities.CourseStatusReport@5eb13247, com.report.jasper.entities.CourseStatusReport@51ecb4cb, com.report.jasper.entities.CourseStatusReport@126d493d, com.report.jasper.entities.CourseStatusReport@2d0c9e60, com.report.jasper.entities.CourseStatusReport@7af8a28c, com.report.jasper.entities.CourseStatusReport@4e860bf4]
@2020-Feb-23 07:53:52.345 INFO  [http-nio-9085-exec-9] c.r.j.c.ReportController - filename*********CourseStatusReport.pdf
@2020-Feb-23 07:53:52.345 INFO  [http-nio-9085-exec-9] c.r.j.s.FileService - resource is CourseStatusReport.pdf
@2020-Feb-23 07:54:39.341 INFO  [http-nio-9085-exec-2] c.r.j.c.ReportController - request status list :** 138'APPROVED
@2020-Feb-23 07:54:39.342 INFO  [http-nio-9085-exec-2] c.r.j.c.ReportController - request status list :** 138'null
@2020-Feb-23 07:54:39.342 INFO  [http-nio-9085-exec-2] c.r.j.c.ReportController - request status list :** 107'APPROVED
@2020-Feb-23 07:54:39.342 INFO  [http-nio-9085-exec-2] c.r.j.c.ReportController - request status list :** 101'APPROVED
@2020-Feb-23 07:54:39.342 INFO  [http-nio-9085-exec-2] c.r.j.c.ReportController - request status list :** 133'APPROVED
@2020-Feb-23 07:54:39.342 INFO  [http-nio-9085-exec-2] c.r.j.c.ReportController - request status list :** 133'APPROVED
@2020-Feb-23 07:54:39.342 INFO  [http-nio-9085-exec-2] c.r.j.c.ReportController - report Formatpdf
@2020-Feb-23 07:54:39.343 INFO  [http-nio-9085-exec-2] c.r.j.c.ReportController - report size[com.report.jasper.entities.CourseStatusReport@7b96d378, com.report.jasper.entities.CourseStatusReport@16bfb44a, com.report.jasper.entities.CourseStatusReport@6c52f851, com.report.jasper.entities.CourseStatusReport@1bb7d50e, com.report.jasper.entities.CourseStatusReport@56f7c813, com.report.jasper.entities.CourseStatusReport@3d813b63]
@2020-Feb-23 07:54:41.260 INFO  [http-nio-9085-exec-4] c.r.j.c.ReportController - filename*********CourseStatusReport.pdf
@2020-Feb-23 07:54:41.261 INFO  [http-nio-9085-exec-4] c.r.j.s.FileService - resource is CourseStatusReport.pdf
@2020-Feb-23 07:57:38.642 INFO  [AsyncResolver-bootstrap-executor-0] c.n.d.s.r.a.ConfigClusterResolver - Resolving eureka endpoints via configuration
@2020-Feb-23 08:02:38.644 INFO  [AsyncResolver-bootstrap-executor-0] c.n.d.s.r.a.ConfigClusterResolver - Resolving eureka endpoints via configuration
@2020-Feb-23 08:07:38.645 INFO  [AsyncResolver-bootstrap-executor-0] c.n.d.s.r.a.ConfigClusterResolver - Resolving eureka endpoints via configuration
@2020-Feb-23 08:12:38.617 INFO  [AsyncResolver-bootstrap-executor-0] c.n.d.s.r.a.ConfigClusterResolver - Resolving eureka endpoints via configuration
@2020-Feb-23 08:15:27.024 INFO  [RMI TCP Connection(73)-127.0.0.1] o.s.b.a.SpringApplicationAdminMXBeanRegistrar$SpringApplicationAdmin - Application shutdown requested.
@2020-Feb-23 08:15:29.563 INFO  [RMI TCP Connection(73)-127.0.0.1] o.s.c.n.e.s.EurekaServiceRegistry - Unregistering application TREPORT with eureka with status DOWN
@2020-Feb-23 08:15:29.589 WARN  [RMI TCP Connection(73)-127.0.0.1] c.n.d.DiscoveryClient - Saw local status change event StatusChangeEvent [timestamp=1582434929589, current=DOWN, previous=UP]
@2020-Feb-23 08:15:29.627 INFO  [DiscoveryClient-InstanceInfoReplicator-0] c.n.d.DiscoveryClient - DiscoveryClient_TREPORT/treport:aa67751f1186abceea7e36667b814019: registering service...
@2020-Feb-23 08:15:30.004 INFO  [DiscoveryClient-InstanceInfoReplicator-0] c.n.d.DiscoveryClient - DiscoveryClient_TREPORT/treport:aa67751f1186abceea7e36667b814019 - registration status: 204
@2020-Feb-23 08:15:34.867 INFO  [RMI TCP Connection(73)-127.0.0.1] o.s.s.c.ThreadPoolTaskExecutor - Shutting down ExecutorService 'applicationTaskExecutor'
@2020-Feb-23 08:15:37.281 INFO  [RMI TCP Connection(73)-127.0.0.1] o.s.o.j.LocalContainerEntityManagerFactoryBean - Closing JPA EntityManagerFactory for persistence unit 'default'
@2020-Feb-23 08:15:40.624 INFO  [RMI TCP Connection(73)-127.0.0.1] c.n.d.DiscoveryClient - Shutting down DiscoveryClient ...
@2020-Feb-23 08:15:43.674 INFO  [RMI TCP Connection(73)-127.0.0.1] c.n.d.DiscoveryClient - Unregistering ...
@2020-Feb-23 08:15:43.851 INFO  [RMI TCP Connection(73)-127.0.0.1] c.n.d.DiscoveryClient - DiscoveryClient_TREPORT/treport:aa67751f1186abceea7e36667b814019 - deregister  status: 200
@2020-Feb-23 08:15:44.337 INFO  [RMI TCP Connection(73)-127.0.0.1] c.n.d.DiscoveryClient - Completed shut down of DiscoveryClient
@2020-Feb-23 08:15:44.383 INFO  [RMI TCP Connection(73)-127.0.0.1] c.z.h.HikariDataSource - HikariPool-1 - Shutdown initiated...
@2020-Feb-23 08:15:44.680 INFO  [RMI TCP Connection(73)-127.0.0.1] c.z.h.HikariDataSource - HikariPool-1 - Shutdown completed.
@2020-Feb-23 08:15:45.264 INFO  [RMI TCP Connection(73)-127.0.0.1] o.a.c.c.StandardService - Stopping service [Tomcat]
@2020-Feb-23 08:15:45.580 INFO  [RMI TCP Connection(73)-127.0.0.1] o.a.c.c.C.[.[.[/] - Destroying Spring FrameworkServlet 'dispatcherServlet'
@2020-Feb-23 08:16:05.843 INFO  [restartedMain] c.r.j.JasperApplication - No active profile set, falling back to default profiles: default
@2020-Feb-23 08:16:06.360 INFO  [restartedMain] o.s.d.r.c.RepositoryConfigurationDelegate - Bootstrapping Spring Data JPA repositories in DEFAULT mode.
@2020-Feb-23 08:16:06.428 INFO  [restartedMain] o.s.d.r.c.RepositoryConfigurationDelegate - Finished Spring Data repository scanning in 62ms. Found 4 JPA repository interfaces.
@2020-Feb-23 08:16:06.632 INFO  [restartedMain] o.s.c.c.s.GenericScope - BeanFactory id=7f1e4180-3561-33ef-8301-cd8cdb2d8157
@2020-Feb-23 08:16:06.734 INFO  [restartedMain] o.s.c.s.PostProcessorRegistrationDelegate$BeanPostProcessorChecker - Bean 'org.springframework.transaction.annotation.ProxyTransactionManagementConfiguration' of type [org.springframework.transaction.annotation.ProxyTransactionManagementConfiguration] is not eligible for getting processed by all BeanPostProcessors (for example: not eligible for auto-proxying)
@2020-Feb-23 08:16:06.760 INFO  [restartedMain] o.s.c.s.PostProcessorRegistrationDelegate$BeanPostProcessorChecker - Bean 'org.springframework.security.config.annotation.configuration.ObjectPostProcessorConfiguration' of type [org.springframework.security.config.annotation.configuration.ObjectPostProcessorConfiguration] is not eligible for getting processed by all BeanPostProcessors (for example: not eligible for auto-proxying)
@2020-Feb-23 08:16:06.763 INFO  [restartedMain] o.s.c.s.PostProcessorRegistrationDelegate$BeanPostProcessorChecker - Bean 'objectPostProcessor' of type [org.springframework.security.config.annotation.configuration.AutowireBeanFactoryObjectPostProcessor] is not eligible for getting processed by all BeanPostProcessors (for example: not eligible for auto-proxying)
@2020-Feb-23 08:16:06.766 INFO  [restartedMain] o.s.c.s.PostProcessorRegistrationDelegate$BeanPostProcessorChecker - Bean 'org.springframework.security.access.expression.method.DefaultMethodSecurityExpressionHandler@61a2efe7' of type [org.springframework.security.oauth2.provider.expression.OAuth2MethodSecurityExpressionHandler] is not eligible for getting processed by all BeanPostProcessors (for example: not eligible for auto-proxying)
@2020-Feb-23 08:16:06.767 INFO  [restartedMain] o.s.c.s.PostProcessorRegistrationDelegate$BeanPostProcessorChecker - Bean 'org.springframework.security.config.annotation.method.configuration.GlobalMethodSecurityConfiguration' of type [org.springframework.security.config.annotation.method.configuration.GlobalMethodSecurityConfiguration] is not eligible for getting processed by all BeanPostProcessors (for example: not eligible for auto-proxying)
@2020-Feb-23 08:16:06.769 INFO  [restartedMain] o.s.c.s.PostProcessorRegistrationDelegate$BeanPostProcessorChecker - Bean 'methodSecurityMetadataSource' of type [org.springframework.security.access.method.DelegatingMethodSecurityMetadataSource] is not eligible for getting processed by all BeanPostProcessors (for example: not eligible for auto-proxying)
@2020-Feb-23 08:16:06.781 INFO  [restartedMain] o.s.c.s.PostProcessorRegistrationDelegate$BeanPostProcessorChecker - Bean 'org.springframework.cloud.autoconfigure.ConfigurationPropertiesRebinderAutoConfiguration' of type [org.springframework.cloud.autoconfigure.ConfigurationPropertiesRebinderAutoConfiguration$$EnhancerBySpringCGLIB$$4f0b38f2] is not eligible for getting processed by all BeanPostProcessors (for example: not eligible for auto-proxying)
@2020-Feb-23 08:16:07.183 INFO  [restartedMain] o.s.b.w.e.t.TomcatWebServer - Tomcat initialized with port(s): 9085 (http)
@2020-Feb-23 08:16:07.191 INFO  [restartedMain] o.a.c.c.StandardService - Starting service [Tomcat]
@2020-Feb-23 08:16:07.191 INFO  [restartedMain] o.a.c.c.StandardEngine - Starting Servlet engine: [Apache Tomcat/9.0.30]
@2020-Feb-23 08:16:07.343 INFO  [restartedMain] o.a.c.c.C.[.[.[/] - Initializing Spring embedded WebApplicationContext
@2020-Feb-23 08:16:07.842 INFO  [restartedMain] c.z.h.HikariDataSource - HikariPool-1 - Starting...
@2020-Feb-23 08:16:08.239 INFO  [restartedMain] c.z.h.HikariDataSource - HikariPool-1 - Start completed.
@2020-Feb-23 08:16:12.052 INFO  [restartedMain] o.s.o.j.LocalContainerEntityManagerFactoryBean - Initialized JPA EntityManagerFactory for persistence unit 'default'
@2020-Feb-23 08:16:12.982 WARN  [restartedMain] o.s.b.a.o.j.JpaBaseConfiguration$JpaWebConfiguration - spring.jpa.open-in-view is enabled by default. Therefore, database queries may be performed during view rendering. Explicitly configure spring.jpa.open-in-view to disable this warning
@2020-Feb-23 08:16:13.261 INFO  [restartedMain] o.s.b.a.s.s.UserDetailsServiceAutoConfiguration - 

Using generated security password: 8de501cd-32e4-4f35-b532-046e5ef02159

@2020-Feb-23 08:16:13.914 INFO  [restartedMain] o.s.s.w.DefaultSecurityFilterChain - Creating filter chain: any request, [org.springframework.security.web.context.request.async.WebAsyncManagerIntegrationFilter@47854a92, org.springframework.security.web.context.SecurityContextPersistenceFilter@4074ae36, org.springframework.security.web.header.HeaderWriterFilter@4556a4f5, org.springframework.security.web.authentication.logout.LogoutFilter@ea5f042, org.springframework.security.oauth2.provider.authentication.OAuth2AuthenticationProcessingFilter@13d2e6c0, org.springframework.security.web.savedrequest.RequestCacheAwareFilter@e1ff44a, org.springframework.security.web.servletapi.SecurityContextHolderAwareRequestFilter@7fe2aa83, org.springframework.security.web.authentication.AnonymousAuthenticationFilter@77ddc971, org.springframework.security.web.session.SessionManagementFilter@38459b75, org.springframework.security.web.access.ExceptionTranslationFilter@53413f6b, org.springframework.security.web.access.intercept.FilterSecurityInterceptor@28fda247]
@2020-Feb-23 08:16:13.949 WARN  [restartedMain] c.n.c.s.URLConfigurationSource - No URLs will be polled as dynamic configuration sources.
@2020-Feb-23 08:16:13.949 INFO  [restartedMain] c.n.c.s.URLConfigurationSource - To enable URLs as dynamic configuration sources, define System property archaius.configurationSource.additionalUrls or make config.properties available on classpath.
@2020-Feb-23 08:16:13.970 WARN  [restartedMain] c.n.c.s.URLConfigurationSource - No URLs will be polled as dynamic configuration sources.
@2020-Feb-23 08:16:13.970 INFO  [restartedMain] c.n.c.s.URLConfigurationSource - To enable URLs as dynamic configuration sources, define System property archaius.configurationSource.additionalUrls or make config.properties available on classpath.
@2020-Feb-23 08:16:14.258 INFO  [restartedMain] o.s.s.c.ThreadPoolTaskExecutor - Initializing ExecutorService 'applicationTaskExecutor'
@2020-Feb-23 08:16:14.864 INFO  [restartedMain] o.s.b.d.a.OptionalLiveReloadServer - LiveReload server is running on port 35729
@2020-Feb-23 08:16:15.366 INFO  [restartedMain] o.s.c.n.e.InstanceInfoFactory - Setting initial instance status as: STARTING
@2020-Feb-23 08:16:15.456 INFO  [restartedMain] c.n.d.DiscoveryClient - Initializing Eureka in region us-east-1
@2020-Feb-23 08:16:16.138 INFO  [restartedMain] c.n.d.p.DiscoveryJerseyProvider - Using JSON encoding codec LegacyJacksonJson
@2020-Feb-23 08:16:16.139 INFO  [restartedMain] c.n.d.p.DiscoveryJerseyProvider - Using JSON decoding codec LegacyJacksonJson
@2020-Feb-23 08:16:16.742 INFO  [restartedMain] c.n.d.p.DiscoveryJerseyProvider - Using XML encoding codec XStreamXml
@2020-Feb-23 08:16:16.742 INFO  [restartedMain] c.n.d.p.DiscoveryJerseyProvider - Using XML decoding codec XStreamXml
@2020-Feb-23 08:16:17.035 INFO  [restartedMain] c.n.d.s.r.a.ConfigClusterResolver - Resolving eureka endpoints via configuration
@2020-Feb-23 08:16:17.412 INFO  [restartedMain] c.n.d.DiscoveryClient - Disable delta property : false
@2020-Feb-23 08:16:17.412 INFO  [restartedMain] c.n.d.DiscoveryClient - Single vip registry refresh property : null
@2020-Feb-23 08:16:17.413 INFO  [restartedMain] c.n.d.DiscoveryClient - Force full registry fetch : false
@2020-Feb-23 08:16:17.413 INFO  [restartedMain] c.n.d.DiscoveryClient - Application is null : false
@2020-Feb-23 08:16:17.413 INFO  [restartedMain] c.n.d.DiscoveryClient - Registered Applications size is zero : true
@2020-Feb-23 08:16:17.413 INFO  [restartedMain] c.n.d.DiscoveryClient - Application version is -1: true
@2020-Feb-23 08:16:17.414 INFO  [restartedMain] c.n.d.DiscoveryClient - Getting all instance registry info from the eureka server
@2020-Feb-23 08:16:18.096 INFO  [restartedMain] c.n.d.DiscoveryClient - The response status is 200
@2020-Feb-23 08:16:18.111 INFO  [restartedMain] c.n.d.DiscoveryClient - Starting heartbeat executor: renew interval is: 30
@2020-Feb-23 08:16:18.114 INFO  [restartedMain] c.n.d.InstanceInfoReplicator - InstanceInfoReplicator onDemand update allowed rate per min is 4
@2020-Feb-23 08:16:18.119 INFO  [restartedMain] c.n.d.DiscoveryClient - Discovery Client initialized at timestamp 1582434978117 with initial instances count: 11
@2020-Feb-23 08:16:18.123 INFO  [restartedMain] o.s.c.n.e.s.EurekaServiceRegistry - Registering application TREPORT with eureka with status UP
@2020-Feb-23 08:16:18.124 INFO  [restartedMain] c.n.d.DiscoveryClient - Saw local status change event StatusChangeEvent [timestamp=1582434978124, current=UP, previous=STARTING]
@2020-Feb-23 08:16:18.127 INFO  [DiscoveryClient-InstanceInfoReplicator-0] c.n.d.DiscoveryClient - DiscoveryClient_TREPORT/treport:ca3daffea6cd756b4fcdbb3e706de914: registering service...
@2020-Feb-23 08:16:18.169 INFO  [DiscoveryClient-InstanceInfoReplicator-0] c.n.d.DiscoveryClient - DiscoveryClient_TREPORT/treport:ca3daffea6cd756b4fcdbb3e706de914 - registration status: 204
@2020-Feb-23 08:16:18.281 INFO  [restartedMain] o.s.b.w.e.t.TomcatWebServer - Tomcat started on port(s): 9085 (http) with context path ''
@2020-Feb-23 08:16:18.283 INFO  [restartedMain] o.s.c.n.e.s.EurekaAutoServiceRegistration - Updating port to 9085
@2020-Feb-23 08:16:18.406 INFO  [restartedMain] c.r.j.JasperApplication - Started JasperApplication in 13.52 seconds (JVM running for 14.995)
@2020-Feb-23 08:16:27.425 INFO  [http-nio-9085-exec-1] o.a.c.c.C.[.[.[/] - Initializing Spring DispatcherServlet 'dispatcherServlet'
@2020-Feb-23 08:16:28.285 INFO  [http-nio-9085-exec-1] c.r.j.c.ReportController - request status list :** 138'APPROVED
@2020-Feb-23 08:16:28.286 INFO  [http-nio-9085-exec-1] c.r.j.c.ReportController - request status list :** 138'null
@2020-Feb-23 08:16:28.286 INFO  [http-nio-9085-exec-1] c.r.j.c.ReportController - request status list :** 107'APPROVED
@2020-Feb-23 08:16:28.286 INFO  [http-nio-9085-exec-1] c.r.j.c.ReportController - request status list :** 101'APPROVED
@2020-Feb-23 08:16:28.286 INFO  [http-nio-9085-exec-1] c.r.j.c.ReportController - request status list :** 133'APPROVED
@2020-Feb-23 08:16:28.286 INFO  [http-nio-9085-exec-1] c.r.j.c.ReportController - request status list :** 133'APPROVED
@2020-Feb-23 08:16:28.286 INFO  [http-nio-9085-exec-1] c.r.j.c.ReportController - report Formatpdf
@2020-Feb-23 08:16:28.286 INFO  [http-nio-9085-exec-1] c.r.j.c.ReportController - report size[com.report.jasper.entities.CourseStatusReport@5c60ba18, com.report.jasper.entities.CourseStatusReport@259e3eb0, com.report.jasper.entities.CourseStatusReport@ac9ceb9, com.report.jasper.entities.CourseStatusReport@20990bf8, com.report.jasper.entities.CourseStatusReport@6608291a, com.report.jasper.entities.CourseStatusReport@32b7e0d5]
@2020-Feb-23 08:16:35.505 INFO  [http-nio-9085-exec-3] c.r.j.c.ReportController - filename*********CourseStatusReport.pdf
@2020-Feb-23 08:16:35.505 INFO  [http-nio-9085-exec-3] c.r.j.s.FileService - resource is CourseStatusReport.pdf
@2020-Feb-23 08:16:51.590 INFO  [RMI TCP Connection(10)-127.0.0.1] o.s.b.a.SpringApplicationAdminMXBeanRegistrar$SpringApplicationAdmin - Application shutdown requested.
@2020-Feb-23 08:16:51.591 INFO  [RMI TCP Connection(10)-127.0.0.1] o.s.c.n.e.s.EurekaServiceRegistry - Unregistering application TREPORT with eureka with status DOWN
@2020-Feb-23 08:16:51.591 WARN  [RMI TCP Connection(10)-127.0.0.1] c.n.d.DiscoveryClient - Saw local status change event StatusChangeEvent [timestamp=1582435011591, current=DOWN, previous=UP]
@2020-Feb-23 08:16:51.591 INFO  [DiscoveryClient-InstanceInfoReplicator-0] c.n.d.DiscoveryClient - DiscoveryClient_TREPORT/treport:ca3daffea6cd756b4fcdbb3e706de914: registering service...
@2020-Feb-23 08:16:51.595 INFO  [RMI TCP Connection(10)-127.0.0.1] o.s.s.c.ThreadPoolTaskExecutor - Shutting down ExecutorService 'applicationTaskExecutor'
@2020-Feb-23 08:16:51.598 INFO  [DiscoveryClient-InstanceInfoReplicator-0] c.n.d.DiscoveryClient - DiscoveryClient_TREPORT/treport:ca3daffea6cd756b4fcdbb3e706de914 - registration status: 204
@2020-Feb-23 08:16:51.600 INFO  [RMI TCP Connection(10)-127.0.0.1] o.s.o.j.LocalContainerEntityManagerFactoryBean - Closing JPA EntityManagerFactory for persistence unit 'default'
@2020-Feb-23 08:16:51.603 INFO  [RMI TCP Connection(10)-127.0.0.1] c.n.d.DiscoveryClient - Shutting down DiscoveryClient ...
@2020-Feb-23 08:16:54.604 INFO  [RMI TCP Connection(10)-127.0.0.1] c.n.d.DiscoveryClient - Unregistering ...
@2020-Feb-23 08:16:54.605 WARN  [DiscoveryClient-1] c.n.d.TimedSupervisorTask - task supervisor shutting down, can't accept the task
@2020-Feb-23 08:16:54.617 INFO  [RMI TCP Connection(10)-127.0.0.1] c.n.d.DiscoveryClient - DiscoveryClient_TREPORT/treport:ca3daffea6cd756b4fcdbb3e706de914 - deregister  status: 200
@2020-Feb-23 08:16:54.644 INFO  [RMI TCP Connection(10)-127.0.0.1] c.n.d.DiscoveryClient - Completed shut down of DiscoveryClient
@2020-Feb-23 08:16:54.645 INFO  [RMI TCP Connection(10)-127.0.0.1] c.z.h.HikariDataSource - HikariPool-1 - Shutdown initiated...
@2020-Feb-23 08:16:54.701 INFO  [RMI TCP Connection(10)-127.0.0.1] c.z.h.HikariDataSource - HikariPool-1 - Shutdown completed.
@2020-Feb-23 08:16:54.818 INFO  [RMI TCP Connection(10)-127.0.0.1] o.a.c.c.StandardService - Stopping service [Tomcat]
@2020-Feb-23 08:16:54.819 INFO  [RMI TCP Connection(10)-127.0.0.1] o.a.c.c.C.[.[.[/] - Destroying Spring FrameworkServlet 'dispatcherServlet'
@2020-Feb-23 08:17:11.898 INFO  [restartedMain] c.r.j.JasperApplication - No active profile set, falling back to default profiles: default
@2020-Feb-23 08:17:12.406 INFO  [restartedMain] o.s.d.r.c.RepositoryConfigurationDelegate - Bootstrapping Spring Data JPA repositories in DEFAULT mode.
@2020-Feb-23 08:17:12.477 INFO  [restartedMain] o.s.d.r.c.RepositoryConfigurationDelegate - Finished Spring Data repository scanning in 65ms. Found 4 JPA repository interfaces.
@2020-Feb-23 08:17:12.693 INFO  [restartedMain] o.s.c.c.s.GenericScope - BeanFactory id=7f1e4180-3561-33ef-8301-cd8cdb2d8157
@2020-Feb-23 08:17:12.793 INFO  [restartedMain] o.s.c.s.PostProcessorRegistrationDelegate$BeanPostProcessorChecker - Bean 'org.springframework.transaction.annotation.ProxyTransactionManagementConfiguration' of type [org.springframework.transaction.annotation.ProxyTransactionManagementConfiguration] is not eligible for getting processed by all BeanPostProcessors (for example: not eligible for auto-proxying)
@2020-Feb-23 08:17:12.817 INFO  [restartedMain] o.s.c.s.PostProcessorRegistrationDelegate$BeanPostProcessorChecker - Bean 'org.springframework.security.config.annotation.configuration.ObjectPostProcessorConfiguration' of type [org.springframework.security.config.annotation.configuration.ObjectPostProcessorConfiguration] is not eligible for getting processed by all BeanPostProcessors (for example: not eligible for auto-proxying)
@2020-Feb-23 08:17:12.821 INFO  [restartedMain] o.s.c.s.PostProcessorRegistrationDelegate$BeanPostProcessorChecker - Bean 'objectPostProcessor' of type [org.springframework.security.config.annotation.configuration.AutowireBeanFactoryObjectPostProcessor] is not eligible for getting processed by all BeanPostProcessors (for example: not eligible for auto-proxying)
@2020-Feb-23 08:17:12.824 INFO  [restartedMain] o.s.c.s.PostProcessorRegistrationDelegate$BeanPostProcessorChecker - Bean 'org.springframework.security.access.expression.method.DefaultMethodSecurityExpressionHandler@1d22b604' of type [org.springframework.security.oauth2.provider.expression.OAuth2MethodSecurityExpressionHandler] is not eligible for getting processed by all BeanPostProcessors (for example: not eligible for auto-proxying)
@2020-Feb-23 08:17:12.825 INFO  [restartedMain] o.s.c.s.PostProcessorRegistrationDelegate$BeanPostProcessorChecker - Bean 'org.springframework.security.config.annotation.method.configuration.GlobalMethodSecurityConfiguration' of type [org.springframework.security.config.annotation.method.configuration.GlobalMethodSecurityConfiguration] is not eligible for getting processed by all BeanPostProcessors (for example: not eligible for auto-proxying)
@2020-Feb-23 08:17:12.828 INFO  [restartedMain] o.s.c.s.PostProcessorRegistrationDelegate$BeanPostProcessorChecker - Bean 'methodSecurityMetadataSource' of type [org.springframework.security.access.method.DelegatingMethodSecurityMetadataSource] is not eligible for getting processed by all BeanPostProcessors (for example: not eligible for auto-proxying)
@2020-Feb-23 08:17:12.840 INFO  [restartedMain] o.s.c.s.PostProcessorRegistrationDelegate$BeanPostProcessorChecker - Bean 'org.springframework.cloud.autoconfigure.ConfigurationPropertiesRebinderAutoConfiguration' of type [org.springframework.cloud.autoconfigure.ConfigurationPropertiesRebinderAutoConfiguration$$EnhancerBySpringCGLIB$$4fe5cf17] is not eligible for getting processed by all BeanPostProcessors (for example: not eligible for auto-proxying)
@2020-Feb-23 08:17:13.230 INFO  [restartedMain] o.s.b.w.e.t.TomcatWebServer - Tomcat initialized with port(s): 9085 (http)
@2020-Feb-23 08:17:13.237 INFO  [restartedMain] o.a.c.c.StandardService - Starting service [Tomcat]
@2020-Feb-23 08:17:13.237 INFO  [restartedMain] o.a.c.c.StandardEngine - Starting Servlet engine: [Apache Tomcat/9.0.30]
@2020-Feb-23 08:17:13.385 INFO  [restartedMain] o.a.c.c.C.[.[.[/] - Initializing Spring embedded WebApplicationContext
@2020-Feb-23 08:17:13.851 INFO  [restartedMain] c.z.h.HikariDataSource - HikariPool-1 - Starting...
@2020-Feb-23 08:17:14.019 INFO  [restartedMain] c.z.h.HikariDataSource - HikariPool-1 - Start completed.
@2020-Feb-23 08:17:14.704 INFO  [restartedMain] o.s.o.j.LocalContainerEntityManagerFactoryBean - Initialized JPA EntityManagerFactory for persistence unit 'default'
@2020-Feb-23 08:17:15.101 WARN  [restartedMain] o.s.b.a.o.j.JpaBaseConfiguration$JpaWebConfiguration - spring.jpa.open-in-view is enabled by default. Therefore, database queries may be performed during view rendering. Explicitly configure spring.jpa.open-in-view to disable this warning
@2020-Feb-23 08:17:15.208 INFO  [restartedMain] o.s.b.a.s.s.UserDetailsServiceAutoConfiguration - 

Using generated security password: c8449eaa-e113-400f-b30e-d12067eef94c

@2020-Feb-23 08:17:15.359 INFO  [restartedMain] o.s.s.w.DefaultSecurityFilterChain - Creating filter chain: any request, [org.springframework.security.web.context.request.async.WebAsyncManagerIntegrationFilter@5079af19, org.springframework.security.web.context.SecurityContextPersistenceFilter@a3ac899, org.springframework.security.web.header.HeaderWriterFilter@8a65185, org.springframework.security.web.authentication.logout.LogoutFilter@25e42d7f, org.springframework.security.oauth2.provider.authentication.OAuth2AuthenticationProcessingFilter@524f9f28, org.springframework.security.web.savedrequest.RequestCacheAwareFilter@2a4b0e23, org.springframework.security.web.servletapi.SecurityContextHolderAwareRequestFilter@1f067220, org.springframework.security.web.authentication.AnonymousAuthenticationFilter@7bb97ee5, org.springframework.security.web.session.SessionManagementFilter@1adab1a9, org.springframework.security.web.access.ExceptionTranslationFilter@6b8d223d, org.springframework.security.web.access.intercept.FilterSecurityInterceptor@34e622d8]
@2020-Feb-23 08:17:15.376 WARN  [restartedMain] c.n.c.s.URLConfigurationSource - No URLs will be polled as dynamic configuration sources.
@2020-Feb-23 08:17:15.376 INFO  [restartedMain] c.n.c.s.URLConfigurationSource - To enable URLs as dynamic configuration sources, define System property archaius.configurationSource.additionalUrls or make config.properties available on classpath.
@2020-Feb-23 08:17:15.380 WARN  [restartedMain] c.n.c.s.URLConfigurationSource - No URLs will be polled as dynamic configuration sources.
@2020-Feb-23 08:17:15.380 INFO  [restartedMain] c.n.c.s.URLConfigurationSource - To enable URLs as dynamic configuration sources, define System property archaius.configurationSource.additionalUrls or make config.properties available on classpath.
@2020-Feb-23 08:17:15.534 INFO  [restartedMain] o.s.s.c.ThreadPoolTaskExecutor - Initializing ExecutorService 'applicationTaskExecutor'
@2020-Feb-23 08:17:15.984 INFO  [restartedMain] o.s.b.d.a.OptionalLiveReloadServer - LiveReload server is running on port 35729
@2020-Feb-23 08:17:16.383 INFO  [restartedMain] o.s.c.n.e.InstanceInfoFactory - Setting initial instance status as: STARTING
@2020-Feb-23 08:17:16.416 INFO  [restartedMain] c.n.d.DiscoveryClient - Initializing Eureka in region us-east-1
@2020-Feb-23 08:17:16.624 INFO  [restartedMain] c.n.d.p.DiscoveryJerseyProvider - Using JSON encoding codec LegacyJacksonJson
@2020-Feb-23 08:17:16.630 INFO  [restartedMain] c.n.d.p.DiscoveryJerseyProvider - Using JSON decoding codec LegacyJacksonJson
@2020-Feb-23 08:17:16.726 INFO  [restartedMain] c.n.d.p.DiscoveryJerseyProvider - Using XML encoding codec XStreamXml
@2020-Feb-23 08:17:16.727 INFO  [restartedMain] c.n.d.p.DiscoveryJerseyProvider - Using XML decoding codec XStreamXml
@2020-Feb-23 08:17:16.891 INFO  [restartedMain] c.n.d.s.r.a.ConfigClusterResolver - Resolving eureka endpoints via configuration
@2020-Feb-23 08:17:16.978 INFO  [restartedMain] c.n.d.DiscoveryClient - Disable delta property : false
@2020-Feb-23 08:17:16.978 INFO  [restartedMain] c.n.d.DiscoveryClient - Single vip registry refresh property : null
@2020-Feb-23 08:17:16.978 INFO  [restartedMain] c.n.d.DiscoveryClient - Force full registry fetch : false
@2020-Feb-23 08:17:16.978 INFO  [restartedMain] c.n.d.DiscoveryClient - Application is null : false
@2020-Feb-23 08:17:16.978 INFO  [restartedMain] c.n.d.DiscoveryClient - Registered Applications size is zero : true
@2020-Feb-23 08:17:16.978 INFO  [restartedMain] c.n.d.DiscoveryClient - Application version is -1: true
@2020-Feb-23 08:17:16.978 INFO  [restartedMain] c.n.d.DiscoveryClient - Getting all instance registry info from the eureka server
@2020-Feb-23 08:17:17.130 INFO  [restartedMain] c.n.d.DiscoveryClient - The response status is 200
@2020-Feb-23 08:17:17.133 INFO  [restartedMain] c.n.d.DiscoveryClient - Starting heartbeat executor: renew interval is: 30
@2020-Feb-23 08:17:17.135 INFO  [restartedMain] c.n.d.InstanceInfoReplicator - InstanceInfoReplicator onDemand update allowed rate per min is 4
@2020-Feb-23 08:17:17.139 INFO  [restartedMain] c.n.d.DiscoveryClient - Discovery Client initialized at timestamp 1582435037138 with initial instances count: 12
@2020-Feb-23 08:17:17.143 INFO  [restartedMain] o.s.c.n.e.s.EurekaServiceRegistry - Registering application TREPORT with eureka with status UP
@2020-Feb-23 08:17:17.144 INFO  [restartedMain] c.n.d.DiscoveryClient - Saw local status change event StatusChangeEvent [timestamp=1582435037144, current=UP, previous=STARTING]
@2020-Feb-23 08:17:17.146 INFO  [DiscoveryClient-InstanceInfoReplicator-0] c.n.d.DiscoveryClient - DiscoveryClient_TREPORT/treport:921c99f08276db1c8559812cd76a5de1: registering service...
@2020-Feb-23 08:17:17.188 INFO  [restartedMain] o.s.b.w.e.t.TomcatWebServer - Tomcat started on port(s): 9085 (http) with context path ''
@2020-Feb-23 08:17:17.188 INFO  [DiscoveryClient-InstanceInfoReplicator-0] c.n.d.DiscoveryClient - DiscoveryClient_TREPORT/treport:921c99f08276db1c8559812cd76a5de1 - registration status: 204
@2020-Feb-23 08:17:17.189 INFO  [restartedMain] o.s.c.n.e.s.EurekaAutoServiceRegistration - Updating port to 9085
@2020-Feb-23 08:17:17.298 INFO  [restartedMain] c.r.j.JasperApplication - Started JasperApplication in 6.311 seconds (JVM running for 7.12)
@2020-Feb-23 08:17:37.688 INFO  [http-nio-9085-exec-1] o.a.c.c.C.[.[.[/] - Initializing Spring DispatcherServlet 'dispatcherServlet'
@2020-Feb-23 08:17:38.029 INFO  [http-nio-9085-exec-1] c.r.j.c.ReportController - request status list :** 138'APPROVED
@2020-Feb-23 08:17:38.029 INFO  [http-nio-9085-exec-1] c.r.j.c.ReportController - request status list :** 138'null
@2020-Feb-23 08:17:38.029 INFO  [http-nio-9085-exec-1] c.r.j.c.ReportController - request status list :** 107'APPROVED
@2020-Feb-23 08:17:38.030 INFO  [http-nio-9085-exec-1] c.r.j.c.ReportController - request status list :** 101'APPROVED
@2020-Feb-23 08:17:38.030 INFO  [http-nio-9085-exec-1] c.r.j.c.ReportController - request status list :** 133'APPROVED
@2020-Feb-23 08:17:38.030 INFO  [http-nio-9085-exec-1] c.r.j.c.ReportController - request status list :** 133'APPROVED
@2020-Feb-23 08:17:38.030 INFO  [http-nio-9085-exec-1] c.r.j.c.ReportController - report Formatpdf
@2020-Feb-23 08:17:38.030 INFO  [http-nio-9085-exec-1] c.r.j.c.ReportController - report size[com.report.jasper.entities.CourseStatusReport@4f64ebc3, com.report.jasper.entities.CourseStatusReport@6c0c8336, com.report.jasper.entities.CourseStatusReport@e6b369c, com.report.jasper.entities.CourseStatusReport@37bc34ef, com.report.jasper.entities.CourseStatusReport@27c89347, com.report.jasper.entities.CourseStatusReport@2fd5b1bb]
@2020-Feb-23 08:17:41.379 INFO  [http-nio-9085-exec-2] c.r.j.c.ReportController - filename*********CourseStatusReport.pdf
@2020-Feb-23 08:17:41.380 INFO  [http-nio-9085-exec-2] c.r.j.s.FileService - resource is CourseStatusReport.pdf
@2020-Feb-23 08:21:40.702 INFO  [RMI TCP Connection(10)-127.0.0.1] o.s.b.a.SpringApplicationAdminMXBeanRegistrar$SpringApplicationAdmin - Application shutdown requested.
@2020-Feb-23 08:21:40.702 INFO  [RMI TCP Connection(10)-127.0.0.1] o.s.c.n.e.s.EurekaServiceRegistry - Unregistering application TREPORT with eureka with status DOWN
@2020-Feb-23 08:21:40.702 WARN  [RMI TCP Connection(10)-127.0.0.1] c.n.d.DiscoveryClient - Saw local status change event StatusChangeEvent [timestamp=1582435300702, current=DOWN, previous=UP]
@2020-Feb-23 08:21:40.703 INFO  [DiscoveryClient-InstanceInfoReplicator-0] c.n.d.DiscoveryClient - DiscoveryClient_TREPORT/treport:921c99f08276db1c8559812cd76a5de1: registering service...
@2020-Feb-23 08:21:40.707 INFO  [RMI TCP Connection(10)-127.0.0.1] o.s.s.c.ThreadPoolTaskExecutor - Shutting down ExecutorService 'applicationTaskExecutor'
@2020-Feb-23 08:21:40.710 INFO  [DiscoveryClient-InstanceInfoReplicator-0] c.n.d.DiscoveryClient - DiscoveryClient_TREPORT/treport:921c99f08276db1c8559812cd76a5de1 - registration status: 204
@2020-Feb-23 08:21:40.711 INFO  [RMI TCP Connection(10)-127.0.0.1] o.s.o.j.LocalContainerEntityManagerFactoryBean - Closing JPA EntityManagerFactory for persistence unit 'default'
@2020-Feb-23 08:21:40.714 INFO  [RMI TCP Connection(10)-127.0.0.1] c.n.d.DiscoveryClient - Shutting down DiscoveryClient ...
@2020-Feb-23 08:21:43.717 INFO  [RMI TCP Connection(10)-127.0.0.1] c.n.d.DiscoveryClient - Unregistering ...
@2020-Feb-23 08:21:43.718 WARN  [DiscoveryClient-1] c.n.d.TimedSupervisorTask - task supervisor shutting down, can't accept the task
@2020-Feb-23 08:21:43.730 INFO  [RMI TCP Connection(10)-127.0.0.1] c.n.d.DiscoveryClient - DiscoveryClient_TREPORT/treport:921c99f08276db1c8559812cd76a5de1 - deregister  status: 200
@2020-Feb-23 08:21:43.763 INFO  [RMI TCP Connection(10)-127.0.0.1] c.n.d.DiscoveryClient - Completed shut down of DiscoveryClient
@2020-Feb-23 08:21:43.763 INFO  [RMI TCP Connection(10)-127.0.0.1] c.z.h.HikariDataSource - HikariPool-1 - Shutdown initiated...
@2020-Feb-23 08:21:43.814 INFO  [RMI TCP Connection(10)-127.0.0.1] c.z.h.HikariDataSource - HikariPool-1 - Shutdown completed.
@2020-Feb-23 08:21:43.933 INFO  [RMI TCP Connection(10)-127.0.0.1] o.a.c.c.StandardService - Stopping service [Tomcat]
@2020-Feb-23 08:21:43.935 INFO  [RMI TCP Connection(10)-127.0.0.1] o.a.c.c.C.[.[.[/] - Destroying Spring FrameworkServlet 'dispatcherServlet'
@2020-Feb-23 08:21:57.729 INFO  [restartedMain] c.r.j.JasperApplication - No active profile set, falling back to default profiles: default
@2020-Feb-23 08:21:58.253 INFO  [restartedMain] o.s.d.r.c.RepositoryConfigurationDelegate - Bootstrapping Spring Data JPA repositories in DEFAULT mode.
@2020-Feb-23 08:21:58.325 INFO  [restartedMain] o.s.d.r.c.RepositoryConfigurationDelegate - Finished Spring Data repository scanning in 66ms. Found 4 JPA repository interfaces.
@2020-Feb-23 08:21:58.535 INFO  [restartedMain] o.s.c.c.s.GenericScope - BeanFactory id=7f1e4180-3561-33ef-8301-cd8cdb2d8157
@2020-Feb-23 08:21:58.637 INFO  [restartedMain] o.s.c.s.PostProcessorRegistrationDelegate$BeanPostProcessorChecker - Bean 'org.springframework.transaction.annotation.ProxyTransactionManagementConfiguration' of type [org.springframework.transaction.annotation.ProxyTransactionManagementConfiguration] is not eligible for getting processed by all BeanPostProcessors (for example: not eligible for auto-proxying)
@2020-Feb-23 08:21:58.660 INFO  [restartedMain] o.s.c.s.PostProcessorRegistrationDelegate$BeanPostProcessorChecker - Bean 'org.springframework.security.config.annotation.configuration.ObjectPostProcessorConfiguration' of type [org.springframework.security.config.annotation.configuration.ObjectPostProcessorConfiguration] is not eligible for getting processed by all BeanPostProcessors (for example: not eligible for auto-proxying)
@2020-Feb-23 08:21:58.663 INFO  [restartedMain] o.s.c.s.PostProcessorRegistrationDelegate$BeanPostProcessorChecker - Bean 'objectPostProcessor' of type [org.springframework.security.config.annotation.configuration.AutowireBeanFactoryObjectPostProcessor] is not eligible for getting processed by all BeanPostProcessors (for example: not eligible for auto-proxying)
@2020-Feb-23 08:21:58.666 INFO  [restartedMain] o.s.c.s.PostProcessorRegistrationDelegate$BeanPostProcessorChecker - Bean 'org.springframework.security.access.expression.method.DefaultMethodSecurityExpressionHandler@73d166ae' of type [org.springframework.security.oauth2.provider.expression.OAuth2MethodSecurityExpressionHandler] is not eligible for getting processed by all BeanPostProcessors (for example: not eligible for auto-proxying)
@2020-Feb-23 08:21:58.668 INFO  [restartedMain] o.s.c.s.PostProcessorRegistrationDelegate$BeanPostProcessorChecker - Bean 'org.springframework.security.config.annotation.method.configuration.GlobalMethodSecurityConfiguration' of type [org.springframework.security.config.annotation.method.configuration.GlobalMethodSecurityConfiguration] is not eligible for getting processed by all BeanPostProcessors (for example: not eligible for auto-proxying)
@2020-Feb-23 08:21:58.670 INFO  [restartedMain] o.s.c.s.PostProcessorRegistrationDelegate$BeanPostProcessorChecker - Bean 'methodSecurityMetadataSource' of type [org.springframework.security.access.method.DelegatingMethodSecurityMetadataSource] is not eligible for getting processed by all BeanPostProcessors (for example: not eligible for auto-proxying)
@2020-Feb-23 08:21:58.680 INFO  [restartedMain] o.s.c.s.PostProcessorRegistrationDelegate$BeanPostProcessorChecker - Bean 'org.springframework.cloud.autoconfigure.ConfigurationPropertiesRebinderAutoConfiguration' of type [org.springframework.cloud.autoconfigure.ConfigurationPropertiesRebinderAutoConfiguration$$EnhancerBySpringCGLIB$$87bb4f50] is not eligible for getting processed by all BeanPostProcessors (for example: not eligible for auto-proxying)
@2020-Feb-23 08:21:59.063 INFO  [restartedMain] o.s.b.w.e.t.TomcatWebServer - Tomcat initialized with port(s): 9085 (http)
@2020-Feb-23 08:21:59.071 INFO  [restartedMain] o.a.c.c.StandardService - Starting service [Tomcat]
@2020-Feb-23 08:21:59.071 INFO  [restartedMain] o.a.c.c.StandardEngine - Starting Servlet engine: [Apache Tomcat/9.0.30]
@2020-Feb-23 08:21:59.268 INFO  [restartedMain] o.a.c.c.C.[.[.[/] - Initializing Spring embedded WebApplicationContext
@2020-Feb-23 08:21:59.750 INFO  [restartedMain] c.z.h.HikariDataSource - HikariPool-1 - Starting...
@2020-Feb-23 08:21:59.909 INFO  [restartedMain] c.z.h.HikariDataSource - HikariPool-1 - Start completed.
@2020-Feb-23 08:22:00.637 INFO  [restartedMain] o.s.o.j.LocalContainerEntityManagerFactoryBean - Initialized JPA EntityManagerFactory for persistence unit 'default'
@2020-Feb-23 08:22:01.049 WARN  [restartedMain] o.s.b.a.o.j.JpaBaseConfiguration$JpaWebConfiguration - spring.jpa.open-in-view is enabled by default. Therefore, database queries may be performed during view rendering. Explicitly configure spring.jpa.open-in-view to disable this warning
@2020-Feb-23 08:22:01.146 INFO  [restartedMain] o.s.b.a.s.s.UserDetailsServiceAutoConfiguration - 

Using generated security password: 7204469d-d0df-4881-96a0-67da729bf8f0

@2020-Feb-23 08:22:01.301 INFO  [restartedMain] o.s.s.w.DefaultSecurityFilterChain - Creating filter chain: any request, [org.springframework.security.web.context.request.async.WebAsyncManagerIntegrationFilter@772d781f, org.springframework.security.web.context.SecurityContextPersistenceFilter@4281d50e, org.springframework.security.web.header.HeaderWriterFilter@5c451d17, org.springframework.security.web.authentication.logout.LogoutFilter@428e250a, org.springframework.security.oauth2.provider.authentication.OAuth2AuthenticationProcessingFilter@3548821c, org.springframework.security.web.savedrequest.RequestCacheAwareFilter@5011dd93, org.springframework.security.web.servletapi.SecurityContextHolderAwareRequestFilter@9c95ed2, org.springframework.security.web.authentication.AnonymousAuthenticationFilter@54b4b884, org.springframework.security.web.session.SessionManagementFilter@23d8ff, org.springframework.security.web.access.ExceptionTranslationFilter@1a4e30fc, org.springframework.security.web.access.intercept.FilterSecurityInterceptor@70a38085]
@2020-Feb-23 08:22:01.320 WARN  [restartedMain] c.n.c.s.URLConfigurationSource - No URLs will be polled as dynamic configuration sources.
@2020-Feb-23 08:22:01.320 INFO  [restartedMain] c.n.c.s.URLConfigurationSource - To enable URLs as dynamic configuration sources, define System property archaius.configurationSource.additionalUrls or make config.properties available on classpath.
@2020-Feb-23 08:22:01.324 WARN  [restartedMain] c.n.c.s.URLConfigurationSource - No URLs will be polled as dynamic configuration sources.
@2020-Feb-23 08:22:01.324 INFO  [restartedMain] c.n.c.s.URLConfigurationSource - To enable URLs as dynamic configuration sources, define System property archaius.configurationSource.additionalUrls or make config.properties available on classpath.
@2020-Feb-23 08:22:01.483 INFO  [restartedMain] o.s.s.c.ThreadPoolTaskExecutor - Initializing ExecutorService 'applicationTaskExecutor'
@2020-Feb-23 08:22:01.940 INFO  [restartedMain] o.s.b.d.a.OptionalLiveReloadServer - LiveReload server is running on port 35729
@2020-Feb-23 08:22:02.361 INFO  [restartedMain] o.s.c.n.e.InstanceInfoFactory - Setting initial instance status as: STARTING
@2020-Feb-23 08:22:02.397 INFO  [restartedMain] c.n.d.DiscoveryClient - Initializing Eureka in region us-east-1
@2020-Feb-23 08:22:02.617 INFO  [restartedMain] c.n.d.p.DiscoveryJerseyProvider - Using JSON encoding codec LegacyJacksonJson
@2020-Feb-23 08:22:02.617 INFO  [restartedMain] c.n.d.p.DiscoveryJerseyProvider - Using JSON decoding codec LegacyJacksonJson
@2020-Feb-23 08:22:02.722 INFO  [restartedMain] c.n.d.p.DiscoveryJerseyProvider - Using XML encoding codec XStreamXml
@2020-Feb-23 08:22:02.722 INFO  [restartedMain] c.n.d.p.DiscoveryJerseyProvider - Using XML decoding codec XStreamXml
@2020-Feb-23 08:22:02.888 INFO  [restartedMain] c.n.d.s.r.a.ConfigClusterResolver - Resolving eureka endpoints via configuration
@2020-Feb-23 08:22:02.976 INFO  [restartedMain] c.n.d.DiscoveryClient - Disable delta property : false
@2020-Feb-23 08:22:02.976 INFO  [restartedMain] c.n.d.DiscoveryClient - Single vip registry refresh property : null
@2020-Feb-23 08:22:02.976 INFO  [restartedMain] c.n.d.DiscoveryClient - Force full registry fetch : false
@2020-Feb-23 08:22:02.977 INFO  [restartedMain] c.n.d.DiscoveryClient - Application is null : false
@2020-Feb-23 08:22:02.977 INFO  [restartedMain] c.n.d.DiscoveryClient - Registered Applications size is zero : true
@2020-Feb-23 08:22:02.977 INFO  [restartedMain] c.n.d.DiscoveryClient - Application version is -1: true
@2020-Feb-23 08:22:02.977 INFO  [restartedMain] c.n.d.DiscoveryClient - Getting all instance registry info from the eureka server
@2020-Feb-23 08:22:03.130 INFO  [restartedMain] c.n.d.DiscoveryClient - The response status is 200
@2020-Feb-23 08:22:03.133 INFO  [restartedMain] c.n.d.DiscoveryClient - Starting heartbeat executor: renew interval is: 30
@2020-Feb-23 08:22:03.135 INFO  [restartedMain] c.n.d.InstanceInfoReplicator - InstanceInfoReplicator onDemand update allowed rate per min is 4
@2020-Feb-23 08:22:03.138 INFO  [restartedMain] c.n.d.DiscoveryClient - Discovery Client initialized at timestamp 1582435323137 with initial instances count: 11
@2020-Feb-23 08:22:03.142 INFO  [restartedMain] o.s.c.n.e.s.EurekaServiceRegistry - Registering application TREPORT with eureka with status UP
@2020-Feb-23 08:22:03.143 INFO  [restartedMain] c.n.d.DiscoveryClient - Saw local status change event StatusChangeEvent [timestamp=1582435323143, current=UP, previous=STARTING]
@2020-Feb-23 08:22:03.146 INFO  [DiscoveryClient-InstanceInfoReplicator-0] c.n.d.DiscoveryClient - DiscoveryClient_TREPORT/treport:ae87105523b4af5208b89221d9188529: registering service...
@2020-Feb-23 08:22:03.183 INFO  [DiscoveryClient-InstanceInfoReplicator-0] c.n.d.DiscoveryClient - DiscoveryClient_TREPORT/treport:ae87105523b4af5208b89221d9188529 - registration status: 204
@2020-Feb-23 08:22:03.184 INFO  [restartedMain] o.s.b.w.e.t.TomcatWebServer - Tomcat started on port(s): 9085 (http) with context path ''
@2020-Feb-23 08:22:03.185 INFO  [restartedMain] o.s.c.n.e.s.EurekaAutoServiceRegistration - Updating port to 9085
@2020-Feb-23 08:22:03.307 INFO  [restartedMain] c.r.j.JasperApplication - Started JasperApplication in 6.489 seconds (JVM running for 7.27)
@2020-Feb-23 08:22:14.317 INFO  [http-nio-9085-exec-1] o.a.c.c.C.[.[.[/] - Initializing Spring DispatcherServlet 'dispatcherServlet'
@2020-Feb-23 08:22:14.804 INFO  [http-nio-9085-exec-1] c.r.j.c.ReportController - request status list :** 138'APPROVED
@2020-Feb-23 08:22:14.805 INFO  [http-nio-9085-exec-1] c.r.j.c.ReportController - request status list :** 138'null
@2020-Feb-23 08:22:14.805 INFO  [http-nio-9085-exec-1] c.r.j.c.ReportController - request status list :** 107'APPROVED
@2020-Feb-23 08:22:14.805 INFO  [http-nio-9085-exec-1] c.r.j.c.ReportController - request status list :** 101'APPROVED
@2020-Feb-23 08:22:14.805 INFO  [http-nio-9085-exec-1] c.r.j.c.ReportController - request status list :** 133'APPROVED
@2020-Feb-23 08:22:14.805 INFO  [http-nio-9085-exec-1] c.r.j.c.ReportController - request status list :** 133'APPROVED
@2020-Feb-23 08:22:14.805 INFO  [http-nio-9085-exec-1] c.r.j.c.ReportController - report Formatpdf
@2020-Feb-23 08:22:14.805 INFO  [http-nio-9085-exec-1] c.r.j.c.ReportController - report size[com.report.jasper.entities.CourseStatusReport@5cb6f1d5, com.report.jasper.entities.CourseStatusReport@3f804610, com.report.jasper.entities.CourseStatusReport@171c9166, com.report.jasper.entities.CourseStatusReport@674c313f, com.report.jasper.entities.CourseStatusReport@5a27940c, com.report.jasper.entities.CourseStatusReport@67aaf99e]
@2020-Feb-23 08:22:18.278 INFO  [http-nio-9085-exec-2] c.r.j.c.ReportController - filename*********CourseStatusReport.pdf
@2020-Feb-23 08:22:18.279 INFO  [http-nio-9085-exec-2] c.r.j.s.FileService - resource is CourseStatusReport.pdf
@2020-Feb-23 08:22:32.142 INFO  [http-nio-9085-exec-4] c.r.j.c.ReportController - Request for multiCoursesReport PDF generation
@2020-Feb-23 08:22:32.407 INFO  [http-nio-9085-exec-4] c.r.j.c.ReportController - report Formatpdf
@2020-Feb-23 08:22:32.408 INFO  [http-nio-9085-exec-4] c.r.j.c.ReportController - report size[com.report.jasper.entities.MultiCoursesReport@5ff47caa, com.report.jasper.entities.MultiCoursesReport@65ee115f, com.report.jasper.entities.MultiCoursesReport@e7f4a0c, com.report.jasper.entities.MultiCoursesReport@17769594, com.report.jasper.entities.MultiCoursesReport@6b9bbafc, com.report.jasper.entities.MultiCoursesReport@7eea3a39, com.report.jasper.entities.MultiCoursesReport@a3130c2, com.report.jasper.entities.MultiCoursesReport@29c8ce25, com.report.jasper.entities.MultiCoursesReport@1f32cdba, com.report.jasper.entities.MultiCoursesReport@30260797, com.report.jasper.entities.MultiCoursesReport@33929671]
@2020-Feb-23 08:22:34.000 INFO  [http-nio-9085-exec-6] c.r.j.c.ReportController - filename*********MultiCoursesReport.pdf
@2020-Feb-23 08:22:34.000 INFO  [http-nio-9085-exec-6] c.r.j.s.FileService - resource is MultiCoursesReport.pdf
@2020-Feb-23 08:24:02.710 INFO  [RMI TCP Connection(10)-127.0.0.1] o.s.b.a.SpringApplicationAdminMXBeanRegistrar$SpringApplicationAdmin - Application shutdown requested.
@2020-Feb-23 08:24:02.711 INFO  [RMI TCP Connection(10)-127.0.0.1] o.s.c.n.e.s.EurekaServiceRegistry - Unregistering application TREPORT with eureka with status DOWN
@2020-Feb-23 08:24:02.711 WARN  [RMI TCP Connection(10)-127.0.0.1] c.n.d.DiscoveryClient - Saw local status change event StatusChangeEvent [timestamp=1582435442711, current=DOWN, previous=UP]
@2020-Feb-23 08:24:02.712 INFO  [DiscoveryClient-InstanceInfoReplicator-0] c.n.d.DiscoveryClient - DiscoveryClient_TREPORT/treport:ae87105523b4af5208b89221d9188529: registering service...
@2020-Feb-23 08:24:02.717 INFO  [RMI TCP Connection(10)-127.0.0.1] o.s.s.c.ThreadPoolTaskExecutor - Shutting down ExecutorService 'applicationTaskExecutor'
@2020-Feb-23 08:24:02.719 INFO  [DiscoveryClient-InstanceInfoReplicator-0] c.n.d.DiscoveryClient - DiscoveryClient_TREPORT/treport:ae87105523b4af5208b89221d9188529 - registration status: 204
@2020-Feb-23 08:24:02.721 INFO  [RMI TCP Connection(10)-127.0.0.1] o.s.o.j.LocalContainerEntityManagerFactoryBean - Closing JPA EntityManagerFactory for persistence unit 'default'
@2020-Feb-23 08:24:02.725 INFO  [RMI TCP Connection(10)-127.0.0.1] c.n.d.DiscoveryClient - Shutting down DiscoveryClient ...
@2020-Feb-23 08:24:05.730 INFO  [RMI TCP Connection(10)-127.0.0.1] c.n.d.DiscoveryClient - Unregistering ...
@2020-Feb-23 08:24:05.731 WARN  [DiscoveryClient-0] c.n.d.TimedSupervisorTask - task supervisor shutting down, can't accept the task
@2020-Feb-23 08:24:05.741 INFO  [RMI TCP Connection(10)-127.0.0.1] c.n.d.DiscoveryClient - DiscoveryClient_TREPORT/treport:ae87105523b4af5208b89221d9188529 - deregister  status: 200
@2020-Feb-23 08:24:05.765 INFO  [RMI TCP Connection(10)-127.0.0.1] c.n.d.DiscoveryClient - Completed shut down of DiscoveryClient
@2020-Feb-23 08:24:05.765 INFO  [RMI TCP Connection(10)-127.0.0.1] c.z.h.HikariDataSource - HikariPool-1 - Shutdown initiated...
@2020-Feb-23 08:24:05.817 INFO  [RMI TCP Connection(10)-127.0.0.1] c.z.h.HikariDataSource - HikariPool-1 - Shutdown completed.
@2020-Feb-23 08:24:05.926 INFO  [RMI TCP Connection(10)-127.0.0.1] o.a.c.c.StandardService - Stopping service [Tomcat]
@2020-Feb-23 08:24:05.928 INFO  [RMI TCP Connection(10)-127.0.0.1] o.a.c.c.C.[.[.[/] - Destroying Spring FrameworkServlet 'dispatcherServlet'
@2020-Feb-23 08:24:20.623 INFO  [restartedMain] c.r.j.JasperApplication - No active profile set, falling back to default profiles: default
@2020-Feb-23 08:24:21.234 INFO  [restartedMain] o.s.d.r.c.RepositoryConfigurationDelegate - Bootstrapping Spring Data JPA repositories in DEFAULT mode.
@2020-Feb-23 08:24:21.303 INFO  [restartedMain] o.s.d.r.c.RepositoryConfigurationDelegate - Finished Spring Data repository scanning in 64ms. Found 4 JPA repository interfaces.
@2020-Feb-23 08:24:21.507 INFO  [restartedMain] o.s.c.c.s.GenericScope - BeanFactory id=7f1e4180-3561-33ef-8301-cd8cdb2d8157
@2020-Feb-23 08:24:21.608 INFO  [restartedMain] o.s.c.s.PostProcessorRegistrationDelegate$BeanPostProcessorChecker - Bean 'org.springframework.transaction.annotation.ProxyTransactionManagementConfiguration' of type [org.springframework.transaction.annotation.ProxyTransactionManagementConfiguration] is not eligible for getting processed by all BeanPostProcessors (for example: not eligible for auto-proxying)
@2020-Feb-23 08:24:21.635 INFO  [restartedMain] o.s.c.s.PostProcessorRegistrationDelegate$BeanPostProcessorChecker - Bean 'org.springframework.security.config.annotation.configuration.ObjectPostProcessorConfiguration' of type [org.springframework.security.config.annotation.configuration.ObjectPostProcessorConfiguration] is not eligible for getting processed by all BeanPostProcessors (for example: not eligible for auto-proxying)
@2020-Feb-23 08:24:21.639 INFO  [restartedMain] o.s.c.s.PostProcessorRegistrationDelegate$BeanPostProcessorChecker - Bean 'objectPostProcessor' of type [org.springframework.security.config.annotation.configuration.AutowireBeanFactoryObjectPostProcessor] is not eligible for getting processed by all BeanPostProcessors (for example: not eligible for auto-proxying)
@2020-Feb-23 08:24:21.643 INFO  [restartedMain] o.s.c.s.PostProcessorRegistrationDelegate$BeanPostProcessorChecker - Bean 'org.springframework.security.access.expression.method.DefaultMethodSecurityExpressionHandler@1fef2bcf' of type [org.springframework.security.oauth2.provider.expression.OAuth2MethodSecurityExpressionHandler] is not eligible for getting processed by all BeanPostProcessors (for example: not eligible for auto-proxying)
@2020-Feb-23 08:24:21.644 INFO  [restartedMain] o.s.c.s.PostProcessorRegistrationDelegate$BeanPostProcessorChecker - Bean 'org.springframework.security.config.annotation.method.configuration.GlobalMethodSecurityConfiguration' of type [org.springframework.security.config.annotation.method.configuration.GlobalMethodSecurityConfiguration] is not eligible for getting processed by all BeanPostProcessors (for example: not eligible for auto-proxying)
@2020-Feb-23 08:24:21.646 INFO  [restartedMain] o.s.c.s.PostProcessorRegistrationDelegate$BeanPostProcessorChecker - Bean 'methodSecurityMetadataSource' of type [org.springframework.security.access.method.DelegatingMethodSecurityMetadataSource] is not eligible for getting processed by all BeanPostProcessors (for example: not eligible for auto-proxying)
@2020-Feb-23 08:24:21.657 INFO  [restartedMain] o.s.c.s.PostProcessorRegistrationDelegate$BeanPostProcessorChecker - Bean 'org.springframework.cloud.autoconfigure.ConfigurationPropertiesRebinderAutoConfiguration' of type [org.springframework.cloud.autoconfigure.ConfigurationPropertiesRebinderAutoConfiguration$$EnhancerBySpringCGLIB$$80e2fe25] is not eligible for getting processed by all BeanPostProcessors (for example: not eligible for auto-proxying)
@2020-Feb-23 08:24:22.045 INFO  [restartedMain] o.s.b.w.e.t.TomcatWebServer - Tomcat initialized with port(s): 9085 (http)
@2020-Feb-23 08:24:22.052 INFO  [restartedMain] o.a.c.c.StandardService - Starting service [Tomcat]
@2020-Feb-23 08:24:22.052 INFO  [restartedMain] o.a.c.c.StandardEngine - Starting Servlet engine: [Apache Tomcat/9.0.30]
@2020-Feb-23 08:24:22.204 INFO  [restartedMain] o.a.c.c.C.[.[.[/] - Initializing Spring embedded WebApplicationContext
@2020-Feb-23 08:24:22.676 INFO  [restartedMain] c.z.h.HikariDataSource - HikariPool-1 - Starting...
@2020-Feb-23 08:24:22.812 INFO  [restartedMain] c.z.h.HikariDataSource - HikariPool-1 - Start completed.
@2020-Feb-23 08:24:23.510 INFO  [restartedMain] o.s.o.j.LocalContainerEntityManagerFactoryBean - Initialized JPA EntityManagerFactory for persistence unit 'default'
@2020-Feb-23 08:24:23.952 WARN  [restartedMain] o.s.b.a.o.j.JpaBaseConfiguration$JpaWebConfiguration - spring.jpa.open-in-view is enabled by default. Therefore, database queries may be performed during view rendering. Explicitly configure spring.jpa.open-in-view to disable this warning
@2020-Feb-23 08:24:24.060 INFO  [restartedMain] o.s.b.a.s.s.UserDetailsServiceAutoConfiguration - 

Using generated security password: 40fb9b01-0de7-4b4a-bba4-73b485ba5e77

@2020-Feb-23 08:24:24.239 INFO  [restartedMain] o.s.s.w.DefaultSecurityFilterChain - Creating filter chain: any request, [org.springframework.security.web.context.request.async.WebAsyncManagerIntegrationFilter@1618322e, org.springframework.security.web.context.SecurityContextPersistenceFilter@1b2be44c, org.springframework.security.web.header.HeaderWriterFilter@1bd7ae3f, org.springframework.security.web.authentication.logout.LogoutFilter@51fa5276, org.springframework.security.oauth2.provider.authentication.OAuth2AuthenticationProcessingFilter@79849daa, org.springframework.security.web.savedrequest.RequestCacheAwareFilter@6e5145fe, org.springframework.security.web.servletapi.SecurityContextHolderAwareRequestFilter@2b5b4d0f, org.springframework.security.web.authentication.AnonymousAuthenticationFilter@2ce843fa, org.springframework.security.web.session.SessionManagementFilter@4e352a5c, org.springframework.security.web.access.ExceptionTranslationFilter@7a8d9663, org.springframework.security.web.access.intercept.FilterSecurityInterceptor@62e3f01d]
@2020-Feb-23 08:24:24.262 WARN  [restartedMain] c.n.c.s.URLConfigurationSource - No URLs will be polled as dynamic configuration sources.
@2020-Feb-23 08:24:24.262 INFO  [restartedMain] c.n.c.s.URLConfigurationSource - To enable URLs as dynamic configuration sources, define System property archaius.configurationSource.additionalUrls or make config.properties available on classpath.
@2020-Feb-23 08:24:24.266 WARN  [restartedMain] c.n.c.s.URLConfigurationSource - No URLs will be polled as dynamic configuration sources.
@2020-Feb-23 08:24:24.266 INFO  [restartedMain] c.n.c.s.URLConfigurationSource - To enable URLs as dynamic configuration sources, define System property archaius.configurationSource.additionalUrls or make config.properties available on classpath.
@2020-Feb-23 08:24:24.445 INFO  [restartedMain] o.s.s.c.ThreadPoolTaskExecutor - Initializing ExecutorService 'applicationTaskExecutor'
@2020-Feb-23 08:24:24.884 INFO  [restartedMain] o.s.b.d.a.OptionalLiveReloadServer - LiveReload server is running on port 35729
@2020-Feb-23 08:24:25.300 INFO  [restartedMain] o.s.c.n.e.InstanceInfoFactory - Setting initial instance status as: STARTING
@2020-Feb-23 08:24:25.333 INFO  [restartedMain] c.n.d.DiscoveryClient - Initializing Eureka in region us-east-1
@2020-Feb-23 08:24:25.609 INFO  [restartedMain] c.n.d.p.DiscoveryJerseyProvider - Using JSON encoding codec LegacyJacksonJson
@2020-Feb-23 08:24:25.609 INFO  [restartedMain] c.n.d.p.DiscoveryJerseyProvider - Using JSON decoding codec LegacyJacksonJson
@2020-Feb-23 08:24:25.710 INFO  [restartedMain] c.n.d.p.DiscoveryJerseyProvider - Using XML encoding codec XStreamXml
@2020-Feb-23 08:24:25.710 INFO  [restartedMain] c.n.d.p.DiscoveryJerseyProvider - Using XML decoding codec XStreamXml
@2020-Feb-23 08:24:25.874 INFO  [restartedMain] c.n.d.s.r.a.ConfigClusterResolver - Resolving eureka endpoints via configuration
@2020-Feb-23 08:24:25.962 INFO  [restartedMain] c.n.d.DiscoveryClient - Disable delta property : false
@2020-Feb-23 08:24:25.962 INFO  [restartedMain] c.n.d.DiscoveryClient - Single vip registry refresh property : null
@2020-Feb-23 08:24:25.962 INFO  [restartedMain] c.n.d.DiscoveryClient - Force full registry fetch : false
@2020-Feb-23 08:24:25.962 INFO  [restartedMain] c.n.d.DiscoveryClient - Application is null : false
@2020-Feb-23 08:24:25.963 INFO  [restartedMain] c.n.d.DiscoveryClient - Registered Applications size is zero : true
@2020-Feb-23 08:24:25.963 INFO  [restartedMain] c.n.d.DiscoveryClient - Application version is -1: true
@2020-Feb-23 08:24:25.963 INFO  [restartedMain] c.n.d.DiscoveryClient - Getting all instance registry info from the eureka server
@2020-Feb-23 08:24:26.107 INFO  [restartedMain] c.n.d.DiscoveryClient - The response status is 200
@2020-Feb-23 08:24:26.111 INFO  [restartedMain] c.n.d.DiscoveryClient - Starting heartbeat executor: renew interval is: 30
@2020-Feb-23 08:24:26.113 INFO  [restartedMain] c.n.d.InstanceInfoReplicator - InstanceInfoReplicator onDemand update allowed rate per min is 4
@2020-Feb-23 08:24:26.119 INFO  [restartedMain] c.n.d.DiscoveryClient - Discovery Client initialized at timestamp 1582435466118 with initial instances count: 11
@2020-Feb-23 08:24:26.124 INFO  [restartedMain] o.s.c.n.e.s.EurekaServiceRegistry - Registering application TREPORT with eureka with status UP
@2020-Feb-23 08:24:26.125 INFO  [restartedMain] c.n.d.DiscoveryClient - Saw local status change event StatusChangeEvent [timestamp=1582435466125, current=UP, previous=STARTING]
@2020-Feb-23 08:24:26.127 INFO  [DiscoveryClient-InstanceInfoReplicator-0] c.n.d.DiscoveryClient - DiscoveryClient_TREPORT/treport:b38ae0bcfee03102ba6f55a7ecda2d9c: registering service...
@2020-Feb-23 08:24:26.175 INFO  [restartedMain] o.s.b.w.e.t.TomcatWebServer - Tomcat started on port(s): 9085 (http) with context path ''
@2020-Feb-23 08:24:26.176 INFO  [restartedMain] o.s.c.n.e.s.EurekaAutoServiceRegistration - Updating port to 9085
@2020-Feb-23 08:24:26.176 INFO  [DiscoveryClient-InstanceInfoReplicator-0] c.n.d.DiscoveryClient - DiscoveryClient_TREPORT/treport:b38ae0bcfee03102ba6f55a7ecda2d9c - registration status: 204
@2020-Feb-23 08:24:26.290 INFO  [restartedMain] c.r.j.JasperApplication - Started JasperApplication in 6.567 seconds (JVM running for 7.353)
@2020-Feb-23 08:24:31.588 INFO  [http-nio-9085-exec-1] o.a.c.c.C.[.[.[/] - Initializing Spring DispatcherServlet 'dispatcherServlet'
@2020-Feb-23 08:24:31.678 INFO  [http-nio-9085-exec-1] c.r.j.c.ReportController - Request for multiCoursesReport PDF generation
@2020-Feb-23 08:24:32.069 INFO  [http-nio-9085-exec-1] c.r.j.c.ReportController - report Formatpdf
@2020-Feb-23 08:24:32.070 INFO  [http-nio-9085-exec-1] c.r.j.c.ReportController - report size[com.report.jasper.entities.MultiCoursesReport@18ff9d04, com.report.jasper.entities.MultiCoursesReport@3830e227, com.report.jasper.entities.MultiCoursesReport@60a8cd68, com.report.jasper.entities.MultiCoursesReport@12bf18e0, com.report.jasper.entities.MultiCoursesReport@2f047c9a, com.report.jasper.entities.MultiCoursesReport@101a8287, com.report.jasper.entities.MultiCoursesReport@36ffce61, com.report.jasper.entities.MultiCoursesReport@5ceda846, com.report.jasper.entities.MultiCoursesReport@5001efed, com.report.jasper.entities.MultiCoursesReport@14cb51d0, com.report.jasper.entities.MultiCoursesReport@5c8f09ee]
@2020-Feb-23 08:24:35.615 INFO  [http-nio-9085-exec-2] c.r.j.c.ReportController - filename*********MultiCoursesReport.pdf
@2020-Feb-23 08:24:35.616 INFO  [http-nio-9085-exec-2] c.r.j.s.FileService - resource is MultiCoursesReport.pdf
@2020-Feb-23 08:29:25.940 INFO  [AsyncResolver-bootstrap-executor-0] c.n.d.s.r.a.ConfigClusterResolver - Resolving eureka endpoints via configuration
@2020-Feb-23 08:33:45.421 INFO  [RMI TCP Connection(19)-127.0.0.1] o.s.b.a.SpringApplicationAdminMXBeanRegistrar$SpringApplicationAdmin - Application shutdown requested.
@2020-Feb-23 08:33:45.422 INFO  [RMI TCP Connection(19)-127.0.0.1] o.s.c.n.e.s.EurekaServiceRegistry - Unregistering application TREPORT with eureka with status DOWN
@2020-Feb-23 08:33:45.422 WARN  [RMI TCP Connection(19)-127.0.0.1] c.n.d.DiscoveryClient - Saw local status change event StatusChangeEvent [timestamp=1582436025422, current=DOWN, previous=UP]
@2020-Feb-23 08:33:45.422 INFO  [DiscoveryClient-InstanceInfoReplicator-0] c.n.d.DiscoveryClient - DiscoveryClient_TREPORT/treport:b38ae0bcfee03102ba6f55a7ecda2d9c: registering service...
@2020-Feb-23 08:33:45.426 INFO  [RMI TCP Connection(19)-127.0.0.1] o.s.s.c.ThreadPoolTaskExecutor - Shutting down ExecutorService 'applicationTaskExecutor'
@2020-Feb-23 08:33:45.429 INFO  [RMI TCP Connection(19)-127.0.0.1] o.s.o.j.LocalContainerEntityManagerFactoryBean - Closing JPA EntityManagerFactory for persistence unit 'default'
@2020-Feb-23 08:33:45.429 INFO  [DiscoveryClient-InstanceInfoReplicator-0] c.n.d.DiscoveryClient - DiscoveryClient_TREPORT/treport:b38ae0bcfee03102ba6f55a7ecda2d9c - registration status: 204
@2020-Feb-23 08:33:45.432 INFO  [RMI TCP Connection(19)-127.0.0.1] c.n.d.DiscoveryClient - Shutting down DiscoveryClient ...
@2020-Feb-23 08:33:48.435 INFO  [RMI TCP Connection(19)-127.0.0.1] c.n.d.DiscoveryClient - Unregistering ...
@2020-Feb-23 08:33:48.436 WARN  [DiscoveryClient-1] c.n.d.TimedSupervisorTask - task supervisor shutting down, can't accept the task
@2020-Feb-23 08:33:48.447 INFO  [RMI TCP Connection(19)-127.0.0.1] c.n.d.DiscoveryClient - DiscoveryClient_TREPORT/treport:b38ae0bcfee03102ba6f55a7ecda2d9c - deregister  status: 200
@2020-Feb-23 08:33:48.474 INFO  [RMI TCP Connection(19)-127.0.0.1] c.n.d.DiscoveryClient - Completed shut down of DiscoveryClient
@2020-Feb-23 08:33:48.474 INFO  [RMI TCP Connection(19)-127.0.0.1] c.z.h.HikariDataSource - HikariPool-1 - Shutdown initiated...
@2020-Feb-23 08:33:48.523 INFO  [RMI TCP Connection(19)-127.0.0.1] c.z.h.HikariDataSource - HikariPool-1 - Shutdown completed.
@2020-Feb-23 08:33:48.614 INFO  [RMI TCP Connection(19)-127.0.0.1] o.a.c.c.StandardService - Stopping service [Tomcat]
@2020-Feb-23 08:33:48.616 INFO  [RMI TCP Connection(19)-127.0.0.1] o.a.c.c.C.[.[.[/] - Destroying Spring FrameworkServlet 'dispatcherServlet'
@2020-Feb-23 08:34:02.843 INFO  [restartedMain] c.r.j.JasperApplication - No active profile set, falling back to default profiles: default
@2020-Feb-23 08:34:03.374 INFO  [restartedMain] o.s.d.r.c.RepositoryConfigurationDelegate - Bootstrapping Spring Data JPA repositories in DEFAULT mode.
@2020-Feb-23 08:34:03.443 INFO  [restartedMain] o.s.d.r.c.RepositoryConfigurationDelegate - Finished Spring Data repository scanning in 63ms. Found 4 JPA repository interfaces.
@2020-Feb-23 08:34:03.650 INFO  [restartedMain] o.s.c.c.s.GenericScope - BeanFactory id=7f1e4180-3561-33ef-8301-cd8cdb2d8157
@2020-Feb-23 08:34:03.753 INFO  [restartedMain] o.s.c.s.PostProcessorRegistrationDelegate$BeanPostProcessorChecker - Bean 'org.springframework.transaction.annotation.ProxyTransactionManagementConfiguration' of type [org.springframework.transaction.annotation.ProxyTransactionManagementConfiguration] is not eligible for getting processed by all BeanPostProcessors (for example: not eligible for auto-proxying)
@2020-Feb-23 08:34:03.776 INFO  [restartedMain] o.s.c.s.PostProcessorRegistrationDelegate$BeanPostProcessorChecker - Bean 'org.springframework.security.config.annotation.configuration.ObjectPostProcessorConfiguration' of type [org.springframework.security.config.annotation.configuration.ObjectPostProcessorConfiguration] is not eligible for getting processed by all BeanPostProcessors (for example: not eligible for auto-proxying)
@2020-Feb-23 08:34:03.779 INFO  [restartedMain] o.s.c.s.PostProcessorRegistrationDelegate$BeanPostProcessorChecker - Bean 'objectPostProcessor' of type [org.springframework.security.config.annotation.configuration.AutowireBeanFactoryObjectPostProcessor] is not eligible for getting processed by all BeanPostProcessors (for example: not eligible for auto-proxying)
@2020-Feb-23 08:34:03.782 INFO  [restartedMain] o.s.c.s.PostProcessorRegistrationDelegate$BeanPostProcessorChecker - Bean 'org.springframework.security.access.expression.method.DefaultMethodSecurityExpressionHandler@3400b3d5' of type [org.springframework.security.oauth2.provider.expression.OAuth2MethodSecurityExpressionHandler] is not eligible for getting processed by all BeanPostProcessors (for example: not eligible for auto-proxying)
@2020-Feb-23 08:34:03.783 INFO  [restartedMain] o.s.c.s.PostProcessorRegistrationDelegate$BeanPostProcessorChecker - Bean 'org.springframework.security.config.annotation.method.configuration.GlobalMethodSecurityConfiguration' of type [org.springframework.security.config.annotation.method.configuration.GlobalMethodSecurityConfiguration] is not eligible for getting processed by all BeanPostProcessors (for example: not eligible for auto-proxying)
@2020-Feb-23 08:34:03.785 INFO  [restartedMain] o.s.c.s.PostProcessorRegistrationDelegate$BeanPostProcessorChecker - Bean 'methodSecurityMetadataSource' of type [org.springframework.security.access.method.DelegatingMethodSecurityMetadataSource] is not eligible for getting processed by all BeanPostProcessors (for example: not eligible for auto-proxying)
@2020-Feb-23 08:34:03.796 INFO  [restartedMain] o.s.c.s.PostProcessorRegistrationDelegate$BeanPostProcessorChecker - Bean 'org.springframework.cloud.autoconfigure.ConfigurationPropertiesRebinderAutoConfiguration' of type [org.springframework.cloud.autoconfigure.ConfigurationPropertiesRebinderAutoConfiguration$$EnhancerBySpringCGLIB$$808865b0] is not eligible for getting processed by all BeanPostProcessors (for example: not eligible for auto-proxying)
@2020-Feb-23 08:34:04.181 INFO  [restartedMain] o.s.b.w.e.t.TomcatWebServer - Tomcat initialized with port(s): 9085 (http)
@2020-Feb-23 08:34:04.189 INFO  [restartedMain] o.a.c.c.StandardService - Starting service [Tomcat]
@2020-Feb-23 08:34:04.189 INFO  [restartedMain] o.a.c.c.StandardEngine - Starting Servlet engine: [Apache Tomcat/9.0.30]
@2020-Feb-23 08:34:04.339 INFO  [restartedMain] o.a.c.c.C.[.[.[/] - Initializing Spring embedded WebApplicationContext
@2020-Feb-23 08:34:04.816 INFO  [restartedMain] c.z.h.HikariDataSource - HikariPool-1 - Starting...
@2020-Feb-23 08:34:04.970 INFO  [restartedMain] c.z.h.HikariDataSource - HikariPool-1 - Start completed.
@2020-Feb-23 08:34:05.656 INFO  [restartedMain] o.s.o.j.LocalContainerEntityManagerFactoryBean - Initialized JPA EntityManagerFactory for persistence unit 'default'
@2020-Feb-23 08:34:06.071 WARN  [restartedMain] o.s.b.a.o.j.JpaBaseConfiguration$JpaWebConfiguration - spring.jpa.open-in-view is enabled by default. Therefore, database queries may be performed during view rendering. Explicitly configure spring.jpa.open-in-view to disable this warning
@2020-Feb-23 08:34:06.175 INFO  [restartedMain] o.s.b.a.s.s.UserDetailsServiceAutoConfiguration - 

Using generated security password: 94837648-f6aa-4872-9d7d-182dcdd71415

@2020-Feb-23 08:34:06.361 INFO  [restartedMain] o.s.s.w.DefaultSecurityFilterChain - Creating filter chain: any request, [org.springframework.security.web.context.request.async.WebAsyncManagerIntegrationFilter@565a42b8, org.springframework.security.web.context.SecurityContextPersistenceFilter@5308e20d, org.springframework.security.web.header.HeaderWriterFilter@322f98e6, org.springframework.security.web.authentication.logout.LogoutFilter@697a8b39, org.springframework.security.oauth2.provider.authentication.OAuth2AuthenticationProcessingFilter@22434ac5, org.springframework.security.web.savedrequest.RequestCacheAwareFilter@2ccf076e, org.springframework.security.web.servletapi.SecurityContextHolderAwareRequestFilter@52c2a83, org.springframework.security.web.authentication.AnonymousAuthenticationFilter@4a4b7c18, org.springframework.security.web.session.SessionManagementFilter@766b1524, org.springframework.security.web.access.ExceptionTranslationFilter@4b53778c, org.springframework.security.web.access.intercept.FilterSecurityInterceptor@181dd7b8]
@2020-Feb-23 08:34:06.386 WARN  [restartedMain] c.n.c.s.URLConfigurationSource - No URLs will be polled as dynamic configuration sources.
@2020-Feb-23 08:34:06.387 INFO  [restartedMain] c.n.c.s.URLConfigurationSource - To enable URLs as dynamic configuration sources, define System property archaius.configurationSource.additionalUrls or make config.properties available on classpath.
@2020-Feb-23 08:34:06.391 WARN  [restartedMain] c.n.c.s.URLConfigurationSource - No URLs will be polled as dynamic configuration sources.
@2020-Feb-23 08:34:06.392 INFO  [restartedMain] c.n.c.s.URLConfigurationSource - To enable URLs as dynamic configuration sources, define System property archaius.configurationSource.additionalUrls or make config.properties available on classpath.
@2020-Feb-23 08:34:06.547 INFO  [restartedMain] o.s.s.c.ThreadPoolTaskExecutor - Initializing ExecutorService 'applicationTaskExecutor'
@2020-Feb-23 08:34:06.997 INFO  [restartedMain] o.s.b.d.a.OptionalLiveReloadServer - LiveReload server is running on port 35729
@2020-Feb-23 08:34:07.418 INFO  [restartedMain] o.s.c.n.e.InstanceInfoFactory - Setting initial instance status as: STARTING
@2020-Feb-23 08:34:07.451 INFO  [restartedMain] c.n.d.DiscoveryClient - Initializing Eureka in region us-east-1
@2020-Feb-23 08:34:07.663 INFO  [restartedMain] c.n.d.p.DiscoveryJerseyProvider - Using JSON encoding codec LegacyJacksonJson
@2020-Feb-23 08:34:07.664 INFO  [restartedMain] c.n.d.p.DiscoveryJerseyProvider - Using JSON decoding codec LegacyJacksonJson
@2020-Feb-23 08:34:07.764 INFO  [restartedMain] c.n.d.p.DiscoveryJerseyProvider - Using XML encoding codec XStreamXml
@2020-Feb-23 08:34:07.765 INFO  [restartedMain] c.n.d.p.DiscoveryJerseyProvider - Using XML decoding codec XStreamXml
@2020-Feb-23 08:34:07.921 INFO  [restartedMain] c.n.d.s.r.a.ConfigClusterResolver - Resolving eureka endpoints via configuration
@2020-Feb-23 08:34:08.007 INFO  [restartedMain] c.n.d.DiscoveryClient - Disable delta property : false
@2020-Feb-23 08:34:08.008 INFO  [restartedMain] c.n.d.DiscoveryClient - Single vip registry refresh property : null
@2020-Feb-23 08:34:08.008 INFO  [restartedMain] c.n.d.DiscoveryClient - Force full registry fetch : false
@2020-Feb-23 08:34:08.008 INFO  [restartedMain] c.n.d.DiscoveryClient - Application is null : false
@2020-Feb-23 08:34:08.008 INFO  [restartedMain] c.n.d.DiscoveryClient - Registered Applications size is zero : true
@2020-Feb-23 08:34:08.008 INFO  [restartedMain] c.n.d.DiscoveryClient - Application version is -1: true
@2020-Feb-23 08:34:08.008 INFO  [restartedMain] c.n.d.DiscoveryClient - Getting all instance registry info from the eureka server
@2020-Feb-23 08:34:08.159 INFO  [restartedMain] c.n.d.DiscoveryClient - The response status is 200
@2020-Feb-23 08:34:08.162 INFO  [restartedMain] c.n.d.DiscoveryClient - Starting heartbeat executor: renew interval is: 30
@2020-Feb-23 08:34:08.164 INFO  [restartedMain] c.n.d.InstanceInfoReplicator - InstanceInfoReplicator onDemand update allowed rate per min is 4
@2020-Feb-23 08:34:08.167 INFO  [restartedMain] c.n.d.DiscoveryClient - Discovery Client initialized at timestamp 1582436048166 with initial instances count: 11
@2020-Feb-23 08:34:08.171 INFO  [restartedMain] o.s.c.n.e.s.EurekaServiceRegistry - Registering application TREPORT with eureka with status UP
@2020-Feb-23 08:34:08.172 INFO  [restartedMain] c.n.d.DiscoveryClient - Saw local status change event StatusChangeEvent [timestamp=1582436048172, current=UP, previous=STARTING]
@2020-Feb-23 08:34:08.174 INFO  [DiscoveryClient-InstanceInfoReplicator-0] c.n.d.DiscoveryClient - DiscoveryClient_TREPORT/treport:8bc2ac688eb1242b783a51c2c14f8c09: registering service...
@2020-Feb-23 08:34:08.212 INFO  [DiscoveryClient-InstanceInfoReplicator-0] c.n.d.DiscoveryClient - DiscoveryClient_TREPORT/treport:8bc2ac688eb1242b783a51c2c14f8c09 - registration status: 204
@2020-Feb-23 08:34:08.214 INFO  [restartedMain] o.s.b.w.e.t.TomcatWebServer - Tomcat started on port(s): 9085 (http) with context path ''
@2020-Feb-23 08:34:08.215 INFO  [restartedMain] o.s.c.n.e.s.EurekaAutoServiceRegistration - Updating port to 9085
@2020-Feb-23 08:34:08.328 INFO  [restartedMain] c.r.j.JasperApplication - Started JasperApplication in 6.403 seconds (JVM running for 7.192)
@2020-Feb-23 08:34:15.872 INFO  [http-nio-9085-exec-1] o.a.c.c.C.[.[.[/] - Initializing Spring DispatcherServlet 'dispatcherServlet'
@2020-Feb-23 08:34:16.011 INFO  [http-nio-9085-exec-1] c.r.j.c.ReportController - Request for multiCoursesReport PDF generation
@2020-Feb-23 08:34:16.436 INFO  [http-nio-9085-exec-1] c.r.j.c.ReportController - report Formatpdf
@2020-Feb-23 08:34:16.436 INFO  [http-nio-9085-exec-1] c.r.j.c.ReportController - report size[com.report.jasper.entities.MultiCoursesReport@6d2b5130, com.report.jasper.entities.MultiCoursesReport@15cd15dd, com.report.jasper.entities.MultiCoursesReport@50997f22, com.report.jasper.entities.MultiCoursesReport@1b194df0, com.report.jasper.entities.MultiCoursesReport@3ecb583b, com.report.jasper.entities.MultiCoursesReport@4355d1c2, com.report.jasper.entities.MultiCoursesReport@582ed6e5, com.report.jasper.entities.MultiCoursesReport@90966dd, com.report.jasper.entities.MultiCoursesReport@6de7ed47, com.report.jasper.entities.MultiCoursesReport@d1eaf8, com.report.jasper.entities.MultiCoursesReport@2e668df9]
@2020-Feb-23 08:34:19.624 INFO  [http-nio-9085-exec-2] c.r.j.c.ReportController - filename*********MultiCoursesReport.pdf
@2020-Feb-23 08:34:19.625 INFO  [http-nio-9085-exec-2] c.r.j.s.FileService - resource is MultiCoursesReport.pdf
@2020-Feb-23 08:34:48.313 INFO  [http-nio-9085-exec-4] c.r.j.c.ReportController - request status list :** 138'APPROVED
@2020-Feb-23 08:34:48.314 INFO  [http-nio-9085-exec-4] c.r.j.c.ReportController - request status list :** 138'null
@2020-Feb-23 08:34:48.314 INFO  [http-nio-9085-exec-4] c.r.j.c.ReportController - request status list :** 107'APPROVED
@2020-Feb-23 08:34:48.314 INFO  [http-nio-9085-exec-4] c.r.j.c.ReportController - request status list :** 101'APPROVED
@2020-Feb-23 08:34:48.314 INFO  [http-nio-9085-exec-4] c.r.j.c.ReportController - request status list :** 133'APPROVED
@2020-Feb-23 08:34:48.315 INFO  [http-nio-9085-exec-4] c.r.j.c.ReportController - request status list :** 133'APPROVED
@2020-Feb-23 08:34:48.315 INFO  [http-nio-9085-exec-4] c.r.j.c.ReportController - report Formatpdf
@2020-Feb-23 08:34:48.315 INFO  [http-nio-9085-exec-4] c.r.j.c.ReportController - report size[com.report.jasper.entities.CourseStatusReport@1d602e6d, com.report.jasper.entities.CourseStatusReport@49dd1bed, com.report.jasper.entities.CourseStatusReport@5d57c27a, com.report.jasper.entities.CourseStatusReport@4556aa37, com.report.jasper.entities.CourseStatusReport@59d9f7b6, com.report.jasper.entities.CourseStatusReport@787a9d13]
@2020-Feb-23 08:34:49.757 INFO  [http-nio-9085-exec-5] c.r.j.c.ReportController - filename*********CourseStatusReport.pdf
@2020-Feb-23 08:34:49.757 INFO  [http-nio-9085-exec-5] c.r.j.s.FileService - resource is CourseStatusReport.pdf
@2020-Feb-23 08:39:08.003 INFO  [AsyncResolver-bootstrap-executor-0] c.n.d.s.r.a.ConfigClusterResolver - Resolving eureka endpoints via configuration
@2020-Feb-23 08:39:34.741 INFO  [RMI TCP Connection(15)-127.0.0.1] o.s.b.a.SpringApplicationAdminMXBeanRegistrar$SpringApplicationAdmin - Application shutdown requested.
@2020-Feb-23 08:39:34.742 INFO  [RMI TCP Connection(15)-127.0.0.1] o.s.c.n.e.s.EurekaServiceRegistry - Unregistering application TREPORT with eureka with status DOWN
@2020-Feb-23 08:39:34.742 WARN  [RMI TCP Connection(15)-127.0.0.1] c.n.d.DiscoveryClient - Saw local status change event StatusChangeEvent [timestamp=1582436374742, current=DOWN, previous=UP]
@2020-Feb-23 08:39:34.742 INFO  [DiscoveryClient-InstanceInfoReplicator-0] c.n.d.DiscoveryClient - DiscoveryClient_TREPORT/treport:8bc2ac688eb1242b783a51c2c14f8c09: registering service...
@2020-Feb-23 08:39:34.747 INFO  [RMI TCP Connection(15)-127.0.0.1] o.s.s.c.ThreadPoolTaskExecutor - Shutting down ExecutorService 'applicationTaskExecutor'
@2020-Feb-23 08:39:34.750 INFO  [DiscoveryClient-InstanceInfoReplicator-0] c.n.d.DiscoveryClient - DiscoveryClient_TREPORT/treport:8bc2ac688eb1242b783a51c2c14f8c09 - registration status: 204
@2020-Feb-23 08:39:34.750 INFO  [RMI TCP Connection(15)-127.0.0.1] o.s.o.j.LocalContainerEntityManagerFactoryBean - Closing JPA EntityManagerFactory for persistence unit 'default'
@2020-Feb-23 08:39:34.754 INFO  [RMI TCP Connection(15)-127.0.0.1] c.n.d.DiscoveryClient - Shutting down DiscoveryClient ...
@2020-Feb-23 08:39:37.758 INFO  [RMI TCP Connection(15)-127.0.0.1] c.n.d.DiscoveryClient - Unregistering ...
@2020-Feb-23 08:39:37.768 INFO  [RMI TCP Connection(15)-127.0.0.1] c.n.d.DiscoveryClient - DiscoveryClient_TREPORT/treport:8bc2ac688eb1242b783a51c2c14f8c09 - deregister  status: 200
@2020-Feb-23 08:39:37.796 INFO  [RMI TCP Connection(15)-127.0.0.1] c.n.d.DiscoveryClient - Completed shut down of DiscoveryClient
@2020-Feb-23 08:39:37.797 INFO  [RMI TCP Connection(15)-127.0.0.1] c.z.h.HikariDataSource - HikariPool-1 - Shutdown initiated...
@2020-Feb-23 08:39:37.852 INFO  [RMI TCP Connection(15)-127.0.0.1] c.z.h.HikariDataSource - HikariPool-1 - Shutdown completed.
@2020-Feb-23 08:39:37.934 INFO  [RMI TCP Connection(15)-127.0.0.1] o.a.c.c.StandardService - Stopping service [Tomcat]
@2020-Feb-23 08:39:37.936 INFO  [RMI TCP Connection(15)-127.0.0.1] o.a.c.c.C.[.[.[/] - Destroying Spring FrameworkServlet 'dispatcherServlet'
